TpTrace Verbose: 0 : 6908, 1, 2024/03/30, 08:54:58.854, 2118258277991, vstest.console.dll, Version: 17.9.0-release-24072-02 Current process architecture: X64
TpTrace Verbose: 0 : 6908, 1, 2024/03/30, 08:54:58.868, 2118258420670, vstest.console.dll, Runtime location: C:\Program Files\dotnet\shared\Microsoft.NETCore.App\8.0.3
TpTrace Verbose: 0 : 6908, 1, 2024/03/30, 08:54:58.878, 2118258518400, vstest.console.dll, ArtifactProcessingPostProcessModeProcessorExecutor.Initialize: ArtifactProcessingMode.Collect
TpTrace Verbose: 0 : 6908, 1, 2024/03/30, 08:54:58.879, 2118258522729, vstest.console.dll, TestSessionCorrelationIdProcessorModeProcessorExecutor.Initialize: TestSessionCorrelationId '4876_8e34924b-7e38-4e9d-a296-8cbae14049f5'
TpTrace Information: 0 : 6908, 1, 2024/03/30, 08:54:58.910, 2118258835772, vstest.console.dll, FilePatternParser: The given file D:\QA-Sors-Jenkins\14-Continuous-Integration-II-Resources-Demo\02-House-Renting-System-App\HouseRentingSystem.Tests\bin\Debug\net6.0\fine-code-coverage\build-output\HouseRentingSystem.Tests.dll is a full path.
TpTrace Verbose: 0 : 6908, 1, 2024/03/30, 08:54:58.936, 2118259100225, vstest.console.dll, TestPluginCache.DiscoverTestExtensions: finding test extensions in assemblies ends with: RuntimeProvider.dll TPluginInfo: Microsoft.VisualStudio.TestPlatform.Common.ExtensionFramework.Utilities.TestRuntimePluginInformation TExtension: Microsoft.VisualStudio.TestPlatform.ObjectModel.Host.ITestRuntimeProvider
TpTrace Verbose: 0 : 6908, 1, 2024/03/30, 08:54:58.937, 2118259111095, vstest.console.dll, TestPluginCache.GetExtensionPaths: Filtered extension paths: 
TpTrace Verbose: 0 : 6908, 1, 2024/03/30, 08:54:58.938, 2118259114456, vstest.console.dll, TestPluginCache.GetExtensionPaths: Added default extension paths: C:\Program Files\dotnet\sdk\8.0.202\Extensions\Microsoft.Diagnostics.NETCore.Client.dll
C:\Program Files\dotnet\sdk\8.0.202\Extensions\Microsoft.TestPlatform.Extensions.BlameDataCollector.dll
C:\Program Files\dotnet\sdk\8.0.202\Extensions\Microsoft.TestPlatform.Extensions.EventLogCollector.dll
C:\Program Files\dotnet\sdk\8.0.202\Extensions\Microsoft.TestPlatform.TestHostRuntimeProvider.dll
C:\Program Files\dotnet\sdk\8.0.202\Extensions\Microsoft.VisualStudio.TestPlatform.Extensions.Html.TestLogger.dll
C:\Program Files\dotnet\sdk\8.0.202\Extensions\Microsoft.VisualStudio.TestPlatform.Extensions.Trx.TestLogger.dll
TpTrace Verbose: 0 : 6908, 1, 2024/03/30, 08:54:58.938, 2118259116055, vstest.console.dll, TestPluginCache.GetExtensionPaths: Added unfilterableExtensionPaths: 
TpTrace Information: 0 : 6908, 1, 2024/03/30, 08:54:58.940, 2118259138305, vstest.console.dll, AssemblyResolver.ctor: Creating AssemblyResolver with searchDirectories C:\Program Files\dotnet\sdk\8.0.202\Extensions,C:\Program Files\dotnet\sdk\8.0.202
TpTrace Verbose: 0 : 6908, 1, 2024/03/30, 08:54:58.945, 2118259191213, vstest.console.dll, TestPluginCache.DiscoverTestExtensions: Discovering the extensions using extension path.
TpTrace Verbose: 0 : 6908, 1, 2024/03/30, 08:54:58.946, 2118259195913, vstest.console.dll, TestPluginCache.GetExtensionPaths: Filtered extension paths: 
TpTrace Verbose: 0 : 6908, 1, 2024/03/30, 08:54:58.946, 2118259197556, vstest.console.dll, TestPluginCache.GetExtensionPaths: Added default extension paths: C:\Program Files\dotnet\sdk\8.0.202\Extensions\Microsoft.Diagnostics.NETCore.Client.dll
C:\Program Files\dotnet\sdk\8.0.202\Extensions\Microsoft.TestPlatform.Extensions.BlameDataCollector.dll
C:\Program Files\dotnet\sdk\8.0.202\Extensions\Microsoft.TestPlatform.Extensions.EventLogCollector.dll
C:\Program Files\dotnet\sdk\8.0.202\Extensions\Microsoft.TestPlatform.TestHostRuntimeProvider.dll
C:\Program Files\dotnet\sdk\8.0.202\Extensions\Microsoft.VisualStudio.TestPlatform.Extensions.Html.TestLogger.dll
C:\Program Files\dotnet\sdk\8.0.202\Extensions\Microsoft.VisualStudio.TestPlatform.Extensions.Trx.TestLogger.dll
TpTrace Verbose: 0 : 6908, 1, 2024/03/30, 08:54:58.946, 2118259198937, vstest.console.dll, TestPluginCache.GetExtensionPaths: Added unfilterableExtensionPaths: 
TpTrace Verbose: 0 : 6908, 1, 2024/03/30, 08:54:58.947, 2118259203142, vstest.console.dll, TestPluginCache.DiscoverTestExtensions: Discovering the extensions using allExtensionPaths: C:\Program Files\dotnet\sdk\8.0.202\Extensions\Microsoft.Diagnostics.NETCore.Client.dll
C:\Program Files\dotnet\sdk\8.0.202\Extensions\Microsoft.TestPlatform.Extensions.BlameDataCollector.dll
C:\Program Files\dotnet\sdk\8.0.202\Extensions\Microsoft.TestPlatform.Extensions.EventLogCollector.dll
C:\Program Files\dotnet\sdk\8.0.202\Extensions\Microsoft.TestPlatform.TestHostRuntimeProvider.dll
C:\Program Files\dotnet\sdk\8.0.202\Extensions\Microsoft.VisualStudio.TestPlatform.Extensions.Html.TestLogger.dll
C:\Program Files\dotnet\sdk\8.0.202\Extensions\Microsoft.VisualStudio.TestPlatform.Extensions.Trx.TestLogger.dll
TpTrace Information: 0 : 6908, 1, 2024/03/30, 08:54:58.947, 2118259207201, vstest.console.dll, AssemblyResolver.AddSearchDirectories: Adding more searchDirectories C:\Program Files\dotnet\sdk\8.0.202\Extensions,C:\Program Files\dotnet\sdk\8.0.202
TpTrace Information: 0 : 6908, 1, 2024/03/30, 08:54:58.947, 2118259209385, vstest.console.dll, AssemblyResolver.AddSearchDirectories: Adding more searchDirectories C:\Program Files\dotnet\sdk\8.0.202\Extensions,C:\Program Files\dotnet\sdk\8.0.202
TpTrace Information: 0 : 6908, 1, 2024/03/30, 08:54:58.947, 2118259210920, vstest.console.dll, AssemblyResolver.AddSearchDirectories: Adding more searchDirectories C:\Program Files\dotnet\sdk\8.0.202\Extensions,C:\Program Files\dotnet\sdk\8.0.202
TpTrace Information: 0 : 6908, 1, 2024/03/30, 08:54:58.948, 2118259212328, vstest.console.dll, AssemblyResolver.AddSearchDirectories: Adding more searchDirectories C:\Program Files\dotnet\sdk\8.0.202\Extensions,C:\Program Files\dotnet\sdk\8.0.202
TpTrace Information: 0 : 6908, 1, 2024/03/30, 08:54:58.948, 2118259213697, vstest.console.dll, AssemblyResolver.AddSearchDirectories: Adding more searchDirectories C:\Program Files\dotnet\sdk\8.0.202\Extensions,C:\Program Files\dotnet\sdk\8.0.202
TpTrace Information: 0 : 6908, 1, 2024/03/30, 08:54:58.948, 2118259215058, vstest.console.dll, AssemblyResolver.AddSearchDirectories: Adding more searchDirectories C:\Program Files\dotnet\sdk\8.0.202\Extensions,C:\Program Files\dotnet\sdk\8.0.202
TpTrace Information: 0 : 6908, 1, 2024/03/30, 08:54:58.950, 2118259235063, vstest.console.dll, AssemblyResolver.OnResolve: Microsoft.Diagnostics.NETCore.Client: Resolving assembly.
TpTrace Information: 0 : 6908, 1, 2024/03/30, 08:54:58.950, 2118259238605, vstest.console.dll, AssemblyResolver.OnResolve: Microsoft.Diagnostics.NETCore.Client: Searching in: 'C:\Program Files\dotnet\sdk\8.0.202\Extensions'.
TpTrace Information: 0 : 6908, 1, 2024/03/30, 08:54:58.992, 2118259654355, vstest.console.dll, AssemblyResolver.OnResolve: Microsoft.Diagnostics.NETCore.Client: Loading assembly 'C:\Program Files\dotnet\sdk\8.0.202\Extensions\Microsoft.Diagnostics.NETCore.Client.dll'.
TpTrace Information: 0 : 6908, 1, 2024/03/30, 08:54:58.998, 2118259716028, vstest.console.dll, AssemblyResolver.OnResolve: Resolved assembly: Microsoft.Diagnostics.NETCore.Client, from path: C:\Program Files\dotnet\sdk\8.0.202\Extensions\Microsoft.Diagnostics.NETCore.Client.dll
TpTrace Verbose: 0 : 6908, 1, 2024/03/30, 08:54:59.017, 2118259903976, vstest.console.dll, MetadataReaderExtensionsHelper: Discovering extensions inside assembly 'Microsoft.Diagnostics.NETCore.Client, Version=0.2.9.2401, Culture=neutral, PublicKeyToken=31bf3856ad364e35' file path 'C:\Program Files\dotnet\sdk\8.0.202\Extensions\Microsoft.Diagnostics.NETCore.Client.dll'
TpTrace Information: 0 : 6908, 1, 2024/03/30, 08:54:59.034, 2118260081263, vstest.console.dll, AssemblyResolver.OnResolve: Microsoft.Bcl.AsyncInterfaces: Resolving assembly.
TpTrace Information: 0 : 6908, 1, 2024/03/30, 08:54:59.035, 2118260084221, vstest.console.dll, AssemblyResolver.OnResolve: Microsoft.Bcl.AsyncInterfaces: Searching in: 'C:\Program Files\dotnet\sdk\8.0.202\Extensions'.
TpTrace Information: 0 : 6908, 1, 2024/03/30, 08:54:59.035, 2118260088077, vstest.console.dll, AssemblyResolver.OnResolve: Microsoft.Bcl.AsyncInterfaces: Assembly path does not exist: 'C:\Program Files\dotnet\sdk\8.0.202\Extensions\Microsoft.Bcl.AsyncInterfaces.dll', returning.
TpTrace Information: 0 : 6908, 1, 2024/03/30, 08:54:59.036, 2118260093342, vstest.console.dll, AssemblyResolver.OnResolve: Microsoft.Bcl.AsyncInterfaces: Assembly path does not exist: 'C:\Program Files\dotnet\sdk\8.0.202\Extensions\Microsoft.Bcl.AsyncInterfaces.exe', returning.
TpTrace Information: 0 : 6908, 1, 2024/03/30, 08:54:59.036, 2118260095782, vstest.console.dll, AssemblyResolver.OnResolve: Microsoft.Bcl.AsyncInterfaces: Searching in: 'C:\Program Files\dotnet\sdk\8.0.202'.
TpTrace Information: 0 : 6908, 1, 2024/03/30, 08:54:59.036, 2118260099013, vstest.console.dll, AssemblyResolver.OnResolve: Microsoft.Bcl.AsyncInterfaces: Assembly path does not exist: 'C:\Program Files\dotnet\sdk\8.0.202\Microsoft.Bcl.AsyncInterfaces.dll', returning.
TpTrace Information: 0 : 6908, 1, 2024/03/30, 08:54:59.037, 2118260102805, vstest.console.dll, AssemblyResolver.OnResolve: Microsoft.Bcl.AsyncInterfaces: Assembly path does not exist: 'C:\Program Files\dotnet\sdk\8.0.202\Microsoft.Bcl.AsyncInterfaces.exe', returning.
TpTrace Information: 0 : 6908, 1, 2024/03/30, 08:54:59.037, 2118260104521, vstest.console.dll, AssemblyResolver.OnResolve: Microsoft.Bcl.AsyncInterfaces: Failed to load assembly.
TpTrace Verbose: 0 : 6908, 1, 2024/03/30, 08:54:59.037, 2118260106112, vstest.console.dll, CurrentDomainAssemblyResolve: Resolving assembly 'Microsoft.Bcl.AsyncInterfaces'.
TpTrace Information: 0 : 6908, 1, 2024/03/30, 08:54:59.037, 2118260108500, vstest.console.dll, AssemblyResolver.OnResolve: Microsoft.Bcl.AsyncInterfaces: Resolving assembly.
TpTrace Information: 0 : 6908, 1, 2024/03/30, 08:54:59.037, 2118260110174, vstest.console.dll, AssemblyResolver.OnResolve: Microsoft.Bcl.AsyncInterfaces: Resolved from cache.
TpTrace Verbose: 0 : 6908, 1, 2024/03/30, 08:54:59.037, 2118260111528, vstest.console.dll, CurrentDomainAssemblyResolve: Resolving assembly 'Microsoft.Bcl.AsyncInterfaces'.
TpTrace Verbose: 0 : 6908, 1, 2024/03/30, 08:54:59.038, 2118260113049, vstest.console.dll, CurrentDomainAssemblyResolve: Failed to resolve assembly 'Microsoft.Bcl.AsyncInterfaces'.
TpTrace Verbose: 0 : 6908, 1, 2024/03/30, 08:54:59.047, 2118260208642, vstest.console.dll, CurrentDomainAssemblyResolve: Failed to resolve assembly 'Microsoft.Bcl.AsyncInterfaces'.
TpTrace Warning: 0 : 6908, 1, 2024/03/30, 08:54:59.110, 2118260840878, vstest.console.dll, TestPluginDiscoverer: Failed to get types from assembly 'Microsoft.Diagnostics.NETCore.Client, Version=0.2.9.2401, Culture=neutral, PublicKeyToken=31bf3856ad364e35'. Error: System.Reflection.ReflectionTypeLoadException: Unable to load one or more of the requested types.
Could not load file or assembly 'Microsoft.Bcl.AsyncInterfaces, Version=6.0.0.0, Culture=neutral, PublicKeyToken=cc7b13ffcd2ddd51'. The system cannot find the file specified.
   at System.Reflection.RuntimeModule.GetTypes(RuntimeModule module)
   at System.Reflection.RuntimeModule.GetTypes()
   at Microsoft.VisualStudio.TestPlatform.Common.ExtensionFramework.TestPluginDiscoverer.GetTestExtensionsFromAssembly[TPluginInfo,TExtension](Assembly assembly, Dictionary`2 pluginInfos, String filePath) in /_/src/Microsoft.TestPlatform.Common/ExtensionFramework/TestPluginDiscoverer.cs:line 158
System.IO.FileNotFoundException: Could not load file or assembly 'Microsoft.Bcl.AsyncInterfaces, Version=6.0.0.0, Culture=neutral, PublicKeyToken=cc7b13ffcd2ddd51'. The system cannot find the file specified.
File name: 'Microsoft.Bcl.AsyncInterfaces, Version=6.0.0.0, Culture=neutral, PublicKeyToken=cc7b13ffcd2ddd51'
 ---> System.IO.FileNotFoundException: Could not load file or assembly 'Microsoft.Bcl.AsyncInterfaces, Culture=neutral, PublicKeyToken=null'. The system cannot find the file specified.
File name: 'Microsoft.Bcl.AsyncInterfaces, Culture=neutral, PublicKeyToken=null'
   at System.Reflection.RuntimeAssembly.InternalLoad(AssemblyName assemblyName, StackCrawlMark& stackMark, AssemblyLoadContext assemblyLoadContext, RuntimeAssembly requestingAssembly, Boolean throwOnFileNotFound)
   at System.Reflection.Assembly.Load(AssemblyName assemblyRef)
   at Microsoft.VisualStudio.TestPlatform.Common.ExtensionFramework.TestPluginCache.CurrentDomainAssemblyResolve(Object sender, AssemblyResolveEventArgs args) in /_/src/Microsoft.TestPlatform.Common/ExtensionFramework/TestPluginCache.cs:line 513
   at System.Runtime.Loader.AssemblyLoadContext.GetFirstResolvedAssemblyFromResolvingEvent(AssemblyName assemblyName)
   at System.Runtime.Loader.AssemblyLoadContext.ResolveUsingEvent(AssemblyName assemblyName)
   at System.Runtime.Loader.AssemblyLoadContext.ResolveUsingResolvingEvent(IntPtr gchManagedAssemblyLoadContext, AssemblyName assemblyName)
TpTrace Warning: 0 : 6908, 1, 2024/03/30, 08:54:59.112, 2118260853993, vstest.console.dll, LoaderExceptions: System.IO.FileNotFoundException: Could not load file or assembly 'Microsoft.Bcl.AsyncInterfaces, Version=6.0.0.0, Culture=neutral, PublicKeyToken=cc7b13ffcd2ddd51'. The system cannot find the file specified.
File name: 'Microsoft.Bcl.AsyncInterfaces, Version=6.0.0.0, Culture=neutral, PublicKeyToken=cc7b13ffcd2ddd51'
 ---> System.IO.FileNotFoundException: Could not load file or assembly 'Microsoft.Bcl.AsyncInterfaces, Culture=neutral, PublicKeyToken=null'. The system cannot find the file specified.
File name: 'Microsoft.Bcl.AsyncInterfaces, Culture=neutral, PublicKeyToken=null'
   at System.Reflection.RuntimeAssembly.InternalLoad(AssemblyName assemblyName, StackCrawlMark& stackMark, AssemblyLoadContext assemblyLoadContext, RuntimeAssembly requestingAssembly, Boolean throwOnFileNotFound)
   at System.Reflection.Assembly.Load(AssemblyName assemblyRef)
   at Microsoft.VisualStudio.TestPlatform.Common.ExtensionFramework.TestPluginCache.CurrentDomainAssemblyResolve(Object sender, AssemblyResolveEventArgs args) in /_/src/Microsoft.TestPlatform.Common/ExtensionFramework/TestPluginCache.cs:line 513
   at System.Runtime.Loader.AssemblyLoadContext.GetFirstResolvedAssemblyFromResolvingEvent(AssemblyName assemblyName)
   at System.Runtime.Loader.AssemblyLoadContext.ResolveUsingEvent(AssemblyName assemblyName)
   at System.Runtime.Loader.AssemblyLoadContext.ResolveUsingResolvingEvent(IntPtr gchManagedAssemblyLoadContext, AssemblyName assemblyName)
TpTrace Information: 0 : 6908, 1, 2024/03/30, 08:54:59.112, 2118260860809, vstest.console.dll, AssemblyResolver.OnResolve: Microsoft.TestPlatform.Extensions.BlameDataCollector: Resolving assembly.
TpTrace Information: 0 : 6908, 1, 2024/03/30, 08:54:59.113, 2118260863859, vstest.console.dll, AssemblyResolver.OnResolve: Microsoft.TestPlatform.Extensions.BlameDataCollector: Searching in: 'C:\Program Files\dotnet\sdk\8.0.202\Extensions'.
TpTrace Information: 0 : 6908, 1, 2024/03/30, 08:54:59.117, 2118260901762, vstest.console.dll, AssemblyResolver.OnResolve: Microsoft.TestPlatform.Extensions.BlameDataCollector: Loading assembly 'C:\Program Files\dotnet\sdk\8.0.202\Extensions\Microsoft.TestPlatform.Extensions.BlameDataCollector.dll'.
TpTrace Information: 0 : 6908, 1, 2024/03/30, 08:54:59.121, 2118260943672, vstest.console.dll, AssemblyResolver.OnResolve: Resolved assembly: Microsoft.TestPlatform.Extensions.BlameDataCollector, from path: C:\Program Files\dotnet\sdk\8.0.202\Extensions\Microsoft.TestPlatform.Extensions.BlameDataCollector.dll
TpTrace Verbose: 0 : 6908, 1, 2024/03/30, 08:54:59.121, 2118260951154, vstest.console.dll, MetadataReaderExtensionsHelper: Discovering extensions inside assembly 'Microsoft.TestPlatform.Extensions.BlameDataCollector, Version=15.0.0.0, Culture=neutral, PublicKeyToken=b03f5f7f11d50a3a' file path 'C:\Program Files\dotnet\sdk\8.0.202\Extensions\Microsoft.TestPlatform.Extensions.BlameDataCollector.dll'
TpTrace Information: 0 : 6908, 1, 2024/03/30, 08:54:59.128, 2118261015899, vstest.console.dll, AssemblyResolver.OnResolve: Microsoft.TestPlatform.Extensions.EventLogCollector: Resolving assembly.
TpTrace Information: 0 : 6908, 1, 2024/03/30, 08:54:59.128, 2118261018821, vstest.console.dll, AssemblyResolver.OnResolve: Microsoft.TestPlatform.Extensions.EventLogCollector: Searching in: 'C:\Program Files\dotnet\sdk\8.0.202\Extensions'.
TpTrace Information: 0 : 6908, 1, 2024/03/30, 08:54:59.131, 2118261043833, vstest.console.dll, AssemblyResolver.OnResolve: Microsoft.TestPlatform.Extensions.EventLogCollector: Loading assembly 'C:\Program Files\dotnet\sdk\8.0.202\Extensions\Microsoft.TestPlatform.Extensions.EventLogCollector.dll'.
TpTrace Information: 0 : 6908, 1, 2024/03/30, 08:54:59.133, 2118261070265, vstest.console.dll, AssemblyResolver.OnResolve: Resolved assembly: Microsoft.TestPlatform.Extensions.EventLogCollector, from path: C:\Program Files\dotnet\sdk\8.0.202\Extensions\Microsoft.TestPlatform.Extensions.EventLogCollector.dll
TpTrace Verbose: 0 : 6908, 1, 2024/03/30, 08:54:59.134, 2118261073545, vstest.console.dll, MetadataReaderExtensionsHelper: Discovering extensions inside assembly 'Microsoft.TestPlatform.Extensions.EventLogCollector, Version=15.0.0.0, Culture=neutral, PublicKeyToken=b03f5f7f11d50a3a' file path 'C:\Program Files\dotnet\sdk\8.0.202\Extensions\Microsoft.TestPlatform.Extensions.EventLogCollector.dll'
TpTrace Information: 0 : 6908, 1, 2024/03/30, 08:54:59.146, 2118261194188, vstest.console.dll, AssemblyResolver.OnResolve: Microsoft.TestPlatform.TestHostRuntimeProvider: Resolving assembly.
TpTrace Information: 0 : 6908, 1, 2024/03/30, 08:54:59.146, 2118261197113, vstest.console.dll, AssemblyResolver.OnResolve: Microsoft.TestPlatform.TestHostRuntimeProvider: Searching in: 'C:\Program Files\dotnet\sdk\8.0.202\Extensions'.
TpTrace Information: 0 : 6908, 1, 2024/03/30, 08:54:59.149, 2118261231334, vstest.console.dll, AssemblyResolver.OnResolve: Microsoft.TestPlatform.TestHostRuntimeProvider: Loading assembly 'C:\Program Files\dotnet\sdk\8.0.202\Extensions\Microsoft.TestPlatform.TestHostRuntimeProvider.dll'.
TpTrace Information: 0 : 6908, 1, 2024/03/30, 08:54:59.153, 2118261266851, vstest.console.dll, AssemblyResolver.OnResolve: Resolved assembly: Microsoft.TestPlatform.TestHostRuntimeProvider, from path: C:\Program Files\dotnet\sdk\8.0.202\Extensions\Microsoft.TestPlatform.TestHostRuntimeProvider.dll
TpTrace Verbose: 0 : 6908, 1, 2024/03/30, 08:54:59.153, 2118261270244, vstest.console.dll, MetadataReaderExtensionsHelper: Discovering extensions inside assembly 'Microsoft.TestPlatform.TestHostRuntimeProvider, Version=15.0.0.0, Culture=neutral, PublicKeyToken=b03f5f7f11d50a3a' file path 'C:\Program Files\dotnet\sdk\8.0.202\Extensions\Microsoft.TestPlatform.TestHostRuntimeProvider.dll'
TpTrace Information: 0 : 6908, 1, 2024/03/30, 08:54:59.160, 2118261341404, vstest.console.dll, GetTestExtensionFromType: Register extension with identifier data 'HostProvider://DefaultTestHost' and type 'Microsoft.VisualStudio.TestPlatform.CrossPlatEngine.Hosting.DefaultTestHostManager, Microsoft.TestPlatform.TestHostRuntimeProvider, Version=15.0.0.0, Culture=neutral, PublicKeyToken=b03f5f7f11d50a3a' inside file 'C:\Program Files\dotnet\sdk\8.0.202\Extensions\Microsoft.TestPlatform.TestHostRuntimeProvider.dll'
TpTrace Information: 0 : 6908, 1, 2024/03/30, 08:54:59.162, 2118261352362, vstest.console.dll, GetTestExtensionFromType: Register extension with identifier data 'HostProvider://DotnetTestHost' and type 'Microsoft.VisualStudio.TestPlatform.CrossPlatEngine.Hosting.DotnetTestHostManager, Microsoft.TestPlatform.TestHostRuntimeProvider, Version=15.0.0.0, Culture=neutral, PublicKeyToken=b03f5f7f11d50a3a' inside file 'C:\Program Files\dotnet\sdk\8.0.202\Extensions\Microsoft.TestPlatform.TestHostRuntimeProvider.dll'
TpTrace Information: 0 : 6908, 1, 2024/03/30, 08:54:59.162, 2118261356185, vstest.console.dll, AssemblyResolver.OnResolve: Microsoft.VisualStudio.TestPlatform.Extensions.Html.TestLogger: Resolving assembly.
TpTrace Information: 0 : 6908, 1, 2024/03/30, 08:54:59.162, 2118261358787, vstest.console.dll, AssemblyResolver.OnResolve: Microsoft.VisualStudio.TestPlatform.Extensions.Html.TestLogger: Searching in: 'C:\Program Files\dotnet\sdk\8.0.202\Extensions'.
TpTrace Information: 0 : 6908, 1, 2024/03/30, 08:54:59.165, 2118261386455, vstest.console.dll, AssemblyResolver.OnResolve: Microsoft.VisualStudio.TestPlatform.Extensions.Html.TestLogger: Loading assembly 'C:\Program Files\dotnet\sdk\8.0.202\Extensions\Microsoft.VisualStudio.TestPlatform.Extensions.Html.TestLogger.dll'.
TpTrace Information: 0 : 6908, 1, 2024/03/30, 08:54:59.167, 2118261410411, vstest.console.dll, AssemblyResolver.OnResolve: Resolved assembly: Microsoft.VisualStudio.TestPlatform.Extensions.Html.TestLogger, from path: C:\Program Files\dotnet\sdk\8.0.202\Extensions\Microsoft.VisualStudio.TestPlatform.Extensions.Html.TestLogger.dll
TpTrace Verbose: 0 : 6908, 1, 2024/03/30, 08:54:59.168, 2118261413725, vstest.console.dll, MetadataReaderExtensionsHelper: Discovering extensions inside assembly 'Microsoft.VisualStudio.TestPlatform.Extensions.Html.TestLogger, Version=15.0.0.0, Culture=neutral, PublicKeyToken=b03f5f7f11d50a3a' file path 'C:\Program Files\dotnet\sdk\8.0.202\Extensions\Microsoft.VisualStudio.TestPlatform.Extensions.Html.TestLogger.dll'
TpTrace Information: 0 : 6908, 1, 2024/03/30, 08:54:59.172, 2118261453224, vstest.console.dll, AssemblyResolver.OnResolve: Microsoft.VisualStudio.TestPlatform.Extensions.Trx.TestLogger: Resolving assembly.
TpTrace Information: 0 : 6908, 1, 2024/03/30, 08:54:59.172, 2118261456258, vstest.console.dll, AssemblyResolver.OnResolve: Microsoft.VisualStudio.TestPlatform.Extensions.Trx.TestLogger: Searching in: 'C:\Program Files\dotnet\sdk\8.0.202\Extensions'.
TpTrace Information: 0 : 6908, 1, 2024/03/30, 08:54:59.176, 2118261495341, vstest.console.dll, AssemblyResolver.OnResolve: Microsoft.VisualStudio.TestPlatform.Extensions.Trx.TestLogger: Loading assembly 'C:\Program Files\dotnet\sdk\8.0.202\Extensions\Microsoft.VisualStudio.TestPlatform.Extensions.Trx.TestLogger.dll'.
TpTrace Information: 0 : 6908, 1, 2024/03/30, 08:54:59.180, 2118261535927, vstest.console.dll, AssemblyResolver.OnResolve: Resolved assembly: Microsoft.VisualStudio.TestPlatform.Extensions.Trx.TestLogger, from path: C:\Program Files\dotnet\sdk\8.0.202\Extensions\Microsoft.VisualStudio.TestPlatform.Extensions.Trx.TestLogger.dll
TpTrace Verbose: 0 : 6908, 1, 2024/03/30, 08:54:59.180, 2118261539503, vstest.console.dll, MetadataReaderExtensionsHelper: Discovering extensions inside assembly 'Microsoft.VisualStudio.TestPlatform.Extensions.Trx.TestLogger, Version=15.0.0.0, Culture=neutral, PublicKeyToken=b03f5f7f11d50a3a' file path 'C:\Program Files\dotnet\sdk\8.0.202\Extensions\Microsoft.VisualStudio.TestPlatform.Extensions.Trx.TestLogger.dll'
TpTrace Verbose: 0 : 6908, 1, 2024/03/30, 08:54:59.185, 2118261588359, vstest.console.dll, TestPluginCache: Discovered the extensions using extension path ''.
TpTrace Verbose: 0 : 6908, 1, 2024/03/30, 08:54:59.185, 2118261591219, vstest.console.dll, TestPluginCache: Discoverers are ''.
TpTrace Verbose: 0 : 6908, 1, 2024/03/30, 08:54:59.186, 2118261593084, vstest.console.dll, TestPluginCache: Executors are ''.
TpTrace Verbose: 0 : 6908, 1, 2024/03/30, 08:54:59.186, 2118261594624, vstest.console.dll, TestPluginCache: Executors2 are ''.
TpTrace Verbose: 0 : 6908, 1, 2024/03/30, 08:54:59.186, 2118261595967, vstest.console.dll, TestPluginCache: Setting providers are ''.
TpTrace Verbose: 0 : 6908, 1, 2024/03/30, 08:54:59.186, 2118261597318, vstest.console.dll, TestPluginCache: Loggers are ''.
TpTrace Verbose: 0 : 6908, 1, 2024/03/30, 08:54:59.187, 2118261604874, vstest.console.dll, TestPluginCache: TestHosts are 'HostProvider://DefaultTestHost,HostProvider://DotnetTestHost'.
TpTrace Verbose: 0 : 6908, 1, 2024/03/30, 08:54:59.187, 2118261607363, vstest.console.dll, TestPluginCache: DataCollectors are ''.
TpTrace Information: 0 : 6908, 1, 2024/03/30, 08:54:59.258, 2118262315134, vstest.console.dll, RunTestsArgumentProcessor:Execute: Test run is starting.
TpTrace Verbose: 0 : 6908, 1, 2024/03/30, 08:54:59.258, 2118262318017, vstest.console.dll, RunTestsArgumentProcessor:Execute: Queuing Test run.
TpTrace Information: 0 : 6908, 1, 2024/03/30, 08:54:59.259, 2118262328646, vstest.console.dll, TestRequestManager.RunTests: run tests started.
TpTrace Information: 0 : 6908, 1, 2024/03/30, 08:54:59.265, 2118262383898, vstest.console.dll, AssemblyMetadataProvider.GetFrameworkName: Determined framework:'.NETCoreApp,Version=v6.0' for source: 'D:\QA-Sors-Jenkins\14-Continuous-Integration-II-Resources-Demo\02-House-Renting-System-App\HouseRentingSystem.Tests\bin\Debug\net6.0\fine-code-coverage\build-output\HouseRentingSystem.Tests.dll'
TpTrace Information: 0 : 6908, 1, 2024/03/30, 08:54:59.265, 2118262389927, vstest.console.dll, Determined framework for all sources: .NETCoreApp,Version=v6.0
TpTrace Verbose: 0 : 6908, 1, 2024/03/30, 08:54:59.266, 2118262400834, vstest.console.dll, TestRequestManager.UpdateRunSettingsIfRequired: Default architecture: X64 IsDefaultTargetArchitecture: True, Current process architecture: X64 OperatingSystem: Windows.
TpTrace Information: 0 : 6908, 1, 2024/03/30, 08:54:59.272, 2118262456213, vstest.console.dll, AssemblyMetadataProvider.GetArchitecture: Determined architecture:AnyCPU info for assembly: D:\QA-Sors-Jenkins\14-Continuous-Integration-II-Resources-Demo\02-House-Renting-System-App\HouseRentingSystem.Tests\bin\Debug\net6.0\fine-code-coverage\build-output\HouseRentingSystem.Tests.dll
TpTrace Information: 0 : 6908, 1, 2024/03/30, 08:54:59.272, 2118262458413, vstest.console.dll, Determined platform for source 'D:\QA-Sors-Jenkins\14-Continuous-Integration-II-Resources-Demo\02-House-Renting-System-App\HouseRentingSystem.Tests\bin\Debug\net6.0\fine-code-coverage\build-output\HouseRentingSystem.Tests.dll' was AnyCPU and it will use the default plaform X64.
TpTrace Information: 0 : 6908, 1, 2024/03/30, 08:54:59.272, 2118262459712, vstest.console.dll, None of the sources provided any runnable platform, using the default platform: X64
TpTrace Information: 0 : 6908, 1, 2024/03/30, 08:54:59.273, 2118262463101, vstest.console.dll, Platform was updated to 'X64'.
TpTrace Information: 0 : 6908, 1, 2024/03/30, 08:54:59.286, 2118262592821, vstest.console.dll, InferRunSettingsHelper.IsTestSettingsEnabled: Unable to navigate to RunSettings/MSTest. Current node: RunSettings
TpTrace Information: 0 : 6908, 1, 2024/03/30, 08:54:59.288, 2118262619579, vstest.console.dll, AssemblyResolver.OnResolve: Microsoft.VisualStudio.TestPlatform.Fakes: Resolving assembly.
TpTrace Information: 0 : 6908, 1, 2024/03/30, 08:54:59.289, 2118262622487, vstest.console.dll, AssemblyResolver.OnResolve: Microsoft.VisualStudio.TestPlatform.Fakes: Searching in: 'C:\Program Files\dotnet\sdk\8.0.202\Extensions'.
TpTrace Information: 0 : 6908, 1, 2024/03/30, 08:54:59.289, 2118262625628, vstest.console.dll, AssemblyResolver.OnResolve: Microsoft.VisualStudio.TestPlatform.Fakes: Assembly path does not exist: 'C:\Program Files\dotnet\sdk\8.0.202\Extensions\Microsoft.VisualStudio.TestPlatform.Fakes.dll', returning.
TpTrace Information: 0 : 6908, 1, 2024/03/30, 08:54:59.289, 2118262628146, vstest.console.dll, AssemblyResolver.OnResolve: Microsoft.VisualStudio.TestPlatform.Fakes: Assembly path does not exist: 'C:\Program Files\dotnet\sdk\8.0.202\Extensions\Microsoft.VisualStudio.TestPlatform.Fakes.exe', returning.
TpTrace Information: 0 : 6908, 1, 2024/03/30, 08:54:59.289, 2118262630033, vstest.console.dll, AssemblyResolver.OnResolve: Microsoft.VisualStudio.TestPlatform.Fakes: Searching in: 'C:\Program Files\dotnet\sdk\8.0.202'.
TpTrace Information: 0 : 6908, 1, 2024/03/30, 08:54:59.290, 2118262632499, vstest.console.dll, AssemblyResolver.OnResolve: Microsoft.VisualStudio.TestPlatform.Fakes: Assembly path does not exist: 'C:\Program Files\dotnet\sdk\8.0.202\Microsoft.VisualStudio.TestPlatform.Fakes.dll', returning.
TpTrace Information: 0 : 6908, 1, 2024/03/30, 08:54:59.290, 2118262634845, vstest.console.dll, AssemblyResolver.OnResolve: Microsoft.VisualStudio.TestPlatform.Fakes: Assembly path does not exist: 'C:\Program Files\dotnet\sdk\8.0.202\Microsoft.VisualStudio.TestPlatform.Fakes.exe', returning.
TpTrace Information: 0 : 6908, 1, 2024/03/30, 08:54:59.290, 2118262636537, vstest.console.dll, AssemblyResolver.OnResolve: Microsoft.VisualStudio.TestPlatform.Fakes: Failed to load assembly.
TpTrace Information: 0 : 6908, 1, 2024/03/30, 08:54:59.291, 2118262644695, vstest.console.dll, Failed to load assembly Microsoft.VisualStudio.TestPlatform.Fakes, Version=17.0.0.0, Culture=neutral. Reason:System.IO.FileNotFoundException: Could not load file or assembly 'Microsoft.VisualStudio.TestPlatform.Fakes, Version=17.0.0.0, Culture=neutral, PublicKeyToken=null'. The system cannot find the file specified.
File name: 'Microsoft.VisualStudio.TestPlatform.Fakes, Version=17.0.0.0, Culture=neutral, PublicKeyToken=null'
   at System.Reflection.RuntimeAssembly.InternalLoad(AssemblyName assemblyName, StackCrawlMark& stackMark, AssemblyLoadContext assemblyLoadContext, RuntimeAssembly requestingAssembly, Boolean throwOnFileNotFound)
   at System.Reflection.Assembly.Load(AssemblyName assemblyRef)
   at Microsoft.VisualStudio.TestPlatform.Common.Utilities.FakesUtilities.LoadTestPlatformAssembly() in /_/src/Microsoft.TestPlatform.Common/Utilities/FakesUtilities.cs:line 272
TpTrace Verbose: 0 : 6908, 1, 2024/03/30, 08:54:59.301, 2118262751496, vstest.console.dll, TestPluginCache.DiscoverTestExtensions: finding test extensions in assemblies ends with: TestLogger.dll TPluginInfo: Microsoft.VisualStudio.TestPlatform.Common.ExtensionFramework.Utilities.TestLoggerPluginInformation TExtension: Microsoft.VisualStudio.TestPlatform.ObjectModel.Client.ITestLogger
TpTrace Verbose: 0 : 6908, 1, 2024/03/30, 08:54:59.302, 2118262754563, vstest.console.dll, TestPluginCache.GetExtensionPaths: Filtered extension paths: 
TpTrace Verbose: 0 : 6908, 1, 2024/03/30, 08:54:59.302, 2118262755937, vstest.console.dll, TestPluginCache.GetExtensionPaths: Added default extension paths: C:\Program Files\dotnet\sdk\8.0.202\Extensions\Microsoft.Diagnostics.NETCore.Client.dll
C:\Program Files\dotnet\sdk\8.0.202\Extensions\Microsoft.TestPlatform.Extensions.BlameDataCollector.dll
C:\Program Files\dotnet\sdk\8.0.202\Extensions\Microsoft.TestPlatform.Extensions.EventLogCollector.dll
C:\Program Files\dotnet\sdk\8.0.202\Extensions\Microsoft.TestPlatform.TestHostRuntimeProvider.dll
C:\Program Files\dotnet\sdk\8.0.202\Extensions\Microsoft.VisualStudio.TestPlatform.Extensions.Html.TestLogger.dll
C:\Program Files\dotnet\sdk\8.0.202\Extensions\Microsoft.VisualStudio.TestPlatform.Extensions.Trx.TestLogger.dll
TpTrace Verbose: 0 : 6908, 1, 2024/03/30, 08:54:59.302, 2118262757512, vstest.console.dll, TestPluginCache.GetExtensionPaths: Added unfilterableExtensionPaths: 
TpTrace Information: 0 : 6908, 1, 2024/03/30, 08:54:59.303, 2118262761850, vstest.console.dll, AssemblyResolver.AddSearchDirectories: Adding more searchDirectories C:\Program Files\dotnet\sdk\8.0.202\Extensions,C:\Program Files\dotnet\sdk\8.0.202
TpTrace Verbose: 0 : 6908, 1, 2024/03/30, 08:54:59.303, 2118262764041, vstest.console.dll, TestPluginCache.DiscoverTestExtensions: Discovering the extensions using extension path.
TpTrace Verbose: 0 : 6908, 1, 2024/03/30, 08:54:59.303, 2118262765535, vstest.console.dll, TestPluginCache.GetExtensionPaths: Filtered extension paths: 
TpTrace Verbose: 0 : 6908, 1, 2024/03/30, 08:54:59.303, 2118262766888, vstest.console.dll, TestPluginCache.GetExtensionPaths: Added default extension paths: C:\Program Files\dotnet\sdk\8.0.202\Extensions\Microsoft.Diagnostics.NETCore.Client.dll
C:\Program Files\dotnet\sdk\8.0.202\Extensions\Microsoft.TestPlatform.Extensions.BlameDataCollector.dll
C:\Program Files\dotnet\sdk\8.0.202\Extensions\Microsoft.TestPlatform.Extensions.EventLogCollector.dll
C:\Program Files\dotnet\sdk\8.0.202\Extensions\Microsoft.TestPlatform.TestHostRuntimeProvider.dll
C:\Program Files\dotnet\sdk\8.0.202\Extensions\Microsoft.VisualStudio.TestPlatform.Extensions.Html.TestLogger.dll
C:\Program Files\dotnet\sdk\8.0.202\Extensions\Microsoft.VisualStudio.TestPlatform.Extensions.Trx.TestLogger.dll
TpTrace Verbose: 0 : 6908, 1, 2024/03/30, 08:54:59.303, 2118262768563, vstest.console.dll, TestPluginCache.GetExtensionPaths: Added unfilterableExtensionPaths: 
TpTrace Verbose: 0 : 6908, 1, 2024/03/30, 08:54:59.303, 2118262771355, vstest.console.dll, TestPluginCache.DiscoverTestExtensions: Discovering the extensions using allExtensionPaths: C:\Program Files\dotnet\sdk\8.0.202\Extensions\Microsoft.Diagnostics.NETCore.Client.dll
C:\Program Files\dotnet\sdk\8.0.202\Extensions\Microsoft.TestPlatform.Extensions.BlameDataCollector.dll
C:\Program Files\dotnet\sdk\8.0.202\Extensions\Microsoft.TestPlatform.Extensions.EventLogCollector.dll
C:\Program Files\dotnet\sdk\8.0.202\Extensions\Microsoft.TestPlatform.TestHostRuntimeProvider.dll
C:\Program Files\dotnet\sdk\8.0.202\Extensions\Microsoft.VisualStudio.TestPlatform.Extensions.Html.TestLogger.dll
C:\Program Files\dotnet\sdk\8.0.202\Extensions\Microsoft.VisualStudio.TestPlatform.Extensions.Trx.TestLogger.dll
TpTrace Information: 0 : 6908, 1, 2024/03/30, 08:54:59.304, 2118262773668, vstest.console.dll, AssemblyResolver.AddSearchDirectories: Adding more searchDirectories C:\Program Files\dotnet\sdk\8.0.202\Extensions,C:\Program Files\dotnet\sdk\8.0.202
TpTrace Information: 0 : 6908, 1, 2024/03/30, 08:54:59.304, 2118262775132, vstest.console.dll, AssemblyResolver.AddSearchDirectories: Adding more searchDirectories C:\Program Files\dotnet\sdk\8.0.202\Extensions,C:\Program Files\dotnet\sdk\8.0.202
TpTrace Information: 0 : 6908, 1, 2024/03/30, 08:54:59.304, 2118262776710, vstest.console.dll, AssemblyResolver.AddSearchDirectories: Adding more searchDirectories C:\Program Files\dotnet\sdk\8.0.202\Extensions,C:\Program Files\dotnet\sdk\8.0.202
TpTrace Information: 0 : 6908, 1, 2024/03/30, 08:54:59.304, 2118262778077, vstest.console.dll, AssemblyResolver.AddSearchDirectories: Adding more searchDirectories C:\Program Files\dotnet\sdk\8.0.202\Extensions,C:\Program Files\dotnet\sdk\8.0.202
TpTrace Information: 0 : 6908, 1, 2024/03/30, 08:54:59.304, 2118262779441, vstest.console.dll, AssemblyResolver.AddSearchDirectories: Adding more searchDirectories C:\Program Files\dotnet\sdk\8.0.202\Extensions,C:\Program Files\dotnet\sdk\8.0.202
TpTrace Information: 0 : 6908, 1, 2024/03/30, 08:54:59.304, 2118262780986, vstest.console.dll, AssemblyResolver.AddSearchDirectories: Adding more searchDirectories C:\Program Files\dotnet\sdk\8.0.202\Extensions,C:\Program Files\dotnet\sdk\8.0.202
TpTrace Verbose: 0 : 6908, 1, 2024/03/30, 08:54:59.305, 2118262784506, vstest.console.dll, MetadataReaderExtensionsHelper: Discovering extensions inside assembly 'Microsoft.Diagnostics.NETCore.Client, Version=0.2.9.2401, Culture=neutral, PublicKeyToken=31bf3856ad364e35' file path 'C:\Program Files\dotnet\sdk\8.0.202\Extensions\Microsoft.Diagnostics.NETCore.Client.dll'
TpTrace Information: 0 : 6908, 1, 2024/03/30, 08:54:59.307, 2118262811452, vstest.console.dll, AssemblyResolver.OnResolve: Microsoft.Bcl.AsyncInterfaces: Resolving assembly.
TpTrace Information: 0 : 6908, 1, 2024/03/30, 08:54:59.308, 2118262814432, vstest.console.dll, AssemblyResolver.OnResolve: Microsoft.Bcl.AsyncInterfaces: Resolved from cache.
TpTrace Verbose: 0 : 6908, 1, 2024/03/30, 08:54:59.308, 2118262815784, vstest.console.dll, CurrentDomainAssemblyResolve: Resolving assembly 'Microsoft.Bcl.AsyncInterfaces'.
TpTrace Information: 0 : 6908, 1, 2024/03/30, 08:54:59.308, 2118262817593, vstest.console.dll, AssemblyResolver.OnResolve: Microsoft.Bcl.AsyncInterfaces: Resolving assembly.
TpTrace Information: 0 : 6908, 1, 2024/03/30, 08:54:59.308, 2118262818877, vstest.console.dll, AssemblyResolver.OnResolve: Microsoft.Bcl.AsyncInterfaces: Resolved from cache.
TpTrace Verbose: 0 : 6908, 1, 2024/03/30, 08:54:59.308, 2118262820134, vstest.console.dll, CurrentDomainAssemblyResolve: Resolving assembly 'Microsoft.Bcl.AsyncInterfaces'.
TpTrace Verbose: 0 : 6908, 1, 2024/03/30, 08:54:59.309, 2118262821670, vstest.console.dll, CurrentDomainAssemblyResolve: Failed to resolve assembly 'Microsoft.Bcl.AsyncInterfaces'.
TpTrace Verbose: 0 : 6908, 1, 2024/03/30, 08:54:59.309, 2118262825913, vstest.console.dll, CurrentDomainAssemblyResolve: Failed to resolve assembly 'Microsoft.Bcl.AsyncInterfaces'.
TpTrace Warning: 0 : 6908, 1, 2024/03/30, 08:54:59.310, 2118262837129, vstest.console.dll, TestPluginDiscoverer: Failed to get types from assembly 'Microsoft.Diagnostics.NETCore.Client, Version=0.2.9.2401, Culture=neutral, PublicKeyToken=31bf3856ad364e35'. Error: System.Reflection.ReflectionTypeLoadException: Unable to load one or more of the requested types.
Could not load file or assembly 'Microsoft.Bcl.AsyncInterfaces, Version=6.0.0.0, Culture=neutral, PublicKeyToken=cc7b13ffcd2ddd51'. The system cannot find the file specified.
   at System.Reflection.RuntimeModule.GetTypes(RuntimeModule module)
   at System.Reflection.RuntimeModule.GetTypes()
   at Microsoft.VisualStudio.TestPlatform.Common.ExtensionFramework.TestPluginDiscoverer.GetTestExtensionsFromAssembly[TPluginInfo,TExtension](Assembly assembly, Dictionary`2 pluginInfos, String filePath) in /_/src/Microsoft.TestPlatform.Common/ExtensionFramework/TestPluginDiscoverer.cs:line 158
System.IO.FileNotFoundException: Could not load file or assembly 'Microsoft.Bcl.AsyncInterfaces, Version=6.0.0.0, Culture=neutral, PublicKeyToken=cc7b13ffcd2ddd51'. The system cannot find the file specified.
File name: 'Microsoft.Bcl.AsyncInterfaces, Version=6.0.0.0, Culture=neutral, PublicKeyToken=cc7b13ffcd2ddd51'
 ---> System.IO.FileNotFoundException: Could not load file or assembly 'Microsoft.Bcl.AsyncInterfaces, Culture=neutral, PublicKeyToken=null'. The system cannot find the file specified.
File name: 'Microsoft.Bcl.AsyncInterfaces, Culture=neutral, PublicKeyToken=null'
   at System.Reflection.RuntimeAssembly.InternalLoad(AssemblyName assemblyName, StackCrawlMark& stackMark, AssemblyLoadContext assemblyLoadContext, RuntimeAssembly requestingAssembly, Boolean throwOnFileNotFound)
   at System.Reflection.Assembly.Load(AssemblyName assemblyRef)
   at Microsoft.VisualStudio.TestPlatform.Common.ExtensionFramework.TestPluginCache.CurrentDomainAssemblyResolve(Object sender, AssemblyResolveEventArgs args) in /_/src/Microsoft.TestPlatform.Common/ExtensionFramework/TestPluginCache.cs:line 513
   at System.Runtime.Loader.AssemblyLoadContext.GetFirstResolvedAssemblyFromResolvingEvent(AssemblyName assemblyName)
   at System.Runtime.Loader.AssemblyLoadContext.ResolveUsingEvent(AssemblyName assemblyName)
   at System.Runtime.Loader.AssemblyLoadContext.ResolveUsingResolvingEvent(IntPtr gchManagedAssemblyLoadContext, AssemblyName assemblyName)
TpTrace Warning: 0 : 6908, 1, 2024/03/30, 08:54:59.311, 2118262845040, vstest.console.dll, LoaderExceptions: System.IO.FileNotFoundException: Could not load file or assembly 'Microsoft.Bcl.AsyncInterfaces, Version=6.0.0.0, Culture=neutral, PublicKeyToken=cc7b13ffcd2ddd51'. The system cannot find the file specified.
File name: 'Microsoft.Bcl.AsyncInterfaces, Version=6.0.0.0, Culture=neutral, PublicKeyToken=cc7b13ffcd2ddd51'
 ---> System.IO.FileNotFoundException: Could not load file or assembly 'Microsoft.Bcl.AsyncInterfaces, Culture=neutral, PublicKeyToken=null'. The system cannot find the file specified.
File name: 'Microsoft.Bcl.AsyncInterfaces, Culture=neutral, PublicKeyToken=null'
   at System.Reflection.RuntimeAssembly.InternalLoad(AssemblyName assemblyName, StackCrawlMark& stackMark, AssemblyLoadContext assemblyLoadContext, RuntimeAssembly requestingAssembly, Boolean throwOnFileNotFound)
   at System.Reflection.Assembly.Load(AssemblyName assemblyRef)
   at Microsoft.VisualStudio.TestPlatform.Common.ExtensionFramework.TestPluginCache.CurrentDomainAssemblyResolve(Object sender, AssemblyResolveEventArgs args) in /_/src/Microsoft.TestPlatform.Common/ExtensionFramework/TestPluginCache.cs:line 513
   at System.Runtime.Loader.AssemblyLoadContext.GetFirstResolvedAssemblyFromResolvingEvent(AssemblyName assemblyName)
   at System.Runtime.Loader.AssemblyLoadContext.ResolveUsingEvent(AssemblyName assemblyName)
   at System.Runtime.Loader.AssemblyLoadContext.ResolveUsingResolvingEvent(IntPtr gchManagedAssemblyLoadContext, AssemblyName assemblyName)
TpTrace Verbose: 0 : 6908, 1, 2024/03/30, 08:54:59.311, 2118262849104, vstest.console.dll, MetadataReaderExtensionsHelper: Discovering extensions inside assembly 'Microsoft.TestPlatform.Extensions.BlameDataCollector, Version=15.0.0.0, Culture=neutral, PublicKeyToken=b03f5f7f11d50a3a' file path 'C:\Program Files\dotnet\sdk\8.0.202\Extensions\Microsoft.TestPlatform.Extensions.BlameDataCollector.dll'
TpTrace Information: 0 : 6908, 1, 2024/03/30, 08:54:59.313, 2118262871084, vstest.console.dll, GetTestExtensionFromType: Register extension with identifier data 'logger://Microsoft/TestPlatform/Extensions/Blame/v1' and type 'Microsoft.TestPlatform.Extensions.BlameDataCollector.BlameLogger, Microsoft.TestPlatform.Extensions.BlameDataCollector, Version=15.0.0.0, Culture=neutral, PublicKeyToken=b03f5f7f11d50a3a' inside file 'C:\Program Files\dotnet\sdk\8.0.202\Extensions\Microsoft.TestPlatform.Extensions.BlameDataCollector.dll'
TpTrace Verbose: 0 : 6908, 1, 2024/03/30, 08:54:59.314, 2118262874206, vstest.console.dll, MetadataReaderExtensionsHelper: Discovering extensions inside assembly 'Microsoft.TestPlatform.Extensions.EventLogCollector, Version=15.0.0.0, Culture=neutral, PublicKeyToken=b03f5f7f11d50a3a' file path 'C:\Program Files\dotnet\sdk\8.0.202\Extensions\Microsoft.TestPlatform.Extensions.EventLogCollector.dll'
TpTrace Verbose: 0 : 6908, 1, 2024/03/30, 08:54:59.315, 2118262890809, vstest.console.dll, MetadataReaderExtensionsHelper: Discovering extensions inside assembly 'Microsoft.TestPlatform.TestHostRuntimeProvider, Version=15.0.0.0, Culture=neutral, PublicKeyToken=b03f5f7f11d50a3a' file path 'C:\Program Files\dotnet\sdk\8.0.202\Extensions\Microsoft.TestPlatform.TestHostRuntimeProvider.dll'
TpTrace Verbose: 0 : 6908, 1, 2024/03/30, 08:54:59.317, 2118262909503, vstest.console.dll, MetadataReaderExtensionsHelper: Discovering extensions inside assembly 'Microsoft.VisualStudio.TestPlatform.Extensions.Html.TestLogger, Version=15.0.0.0, Culture=neutral, PublicKeyToken=b03f5f7f11d50a3a' file path 'C:\Program Files\dotnet\sdk\8.0.202\Extensions\Microsoft.VisualStudio.TestPlatform.Extensions.Html.TestLogger.dll'
TpTrace Information: 0 : 6908, 1, 2024/03/30, 08:54:59.320, 2118262933712, vstest.console.dll, GetTestExtensionFromType: Register extension with identifier data 'logger://Microsoft/TestPlatform/HtmlLogger/v1' and type 'Microsoft.VisualStudio.TestPlatform.Extensions.HtmlLogger.HtmlLogger, Microsoft.VisualStudio.TestPlatform.Extensions.Html.TestLogger, Version=15.0.0.0, Culture=neutral, PublicKeyToken=b03f5f7f11d50a3a' inside file 'C:\Program Files\dotnet\sdk\8.0.202\Extensions\Microsoft.VisualStudio.TestPlatform.Extensions.Html.TestLogger.dll'
TpTrace Verbose: 0 : 6908, 1, 2024/03/30, 08:54:59.320, 2118262936801, vstest.console.dll, MetadataReaderExtensionsHelper: Discovering extensions inside assembly 'Microsoft.VisualStudio.TestPlatform.Extensions.Trx.TestLogger, Version=15.0.0.0, Culture=neutral, PublicKeyToken=b03f5f7f11d50a3a' file path 'C:\Program Files\dotnet\sdk\8.0.202\Extensions\Microsoft.VisualStudio.TestPlatform.Extensions.Trx.TestLogger.dll'
TpTrace Information: 0 : 6908, 1, 2024/03/30, 08:54:59.322, 2118262956409, vstest.console.dll, GetTestExtensionFromType: Register extension with identifier data 'logger://Microsoft/TestPlatform/TrxLogger/v1' and type 'Microsoft.VisualStudio.TestPlatform.Extensions.TrxLogger.TrxLogger, Microsoft.VisualStudio.TestPlatform.Extensions.Trx.TestLogger, Version=15.0.0.0, Culture=neutral, PublicKeyToken=b03f5f7f11d50a3a' inside file 'C:\Program Files\dotnet\sdk\8.0.202\Extensions\Microsoft.VisualStudio.TestPlatform.Extensions.Trx.TestLogger.dll'
TpTrace Verbose: 0 : 6908, 1, 2024/03/30, 08:54:59.322, 2118262961395, vstest.console.dll, TestPluginCache: Discovered the extensions using extension path ''.
TpTrace Verbose: 0 : 6908, 1, 2024/03/30, 08:54:59.323, 2118262962991, vstest.console.dll, TestPluginCache: Discoverers are ''.
TpTrace Verbose: 0 : 6908, 1, 2024/03/30, 08:54:59.323, 2118262964234, vstest.console.dll, TestPluginCache: Executors are ''.
TpTrace Verbose: 0 : 6908, 1, 2024/03/30, 08:54:59.323, 2118262965461, vstest.console.dll, TestPluginCache: Executors2 are ''.
TpTrace Verbose: 0 : 6908, 1, 2024/03/30, 08:54:59.323, 2118262966805, vstest.console.dll, TestPluginCache: Setting providers are ''.
TpTrace Verbose: 0 : 6908, 1, 2024/03/30, 08:54:59.323, 2118262969657, vstest.console.dll, TestPluginCache: Loggers are 'logger://Microsoft/TestPlatform/Extensions/Blame/v1,logger://Microsoft/TestPlatform/HtmlLogger/v1,logger://Microsoft/TestPlatform/TrxLogger/v1'.
TpTrace Verbose: 0 : 6908, 1, 2024/03/30, 08:54:59.324, 2118262971575, vstest.console.dll, TestPluginCache: TestHosts are 'HostProvider://DefaultTestHost,HostProvider://DotnetTestHost'.
TpTrace Verbose: 0 : 6908, 1, 2024/03/30, 08:54:59.324, 2118262972948, vstest.console.dll, TestPluginCache: DataCollectors are ''.
TpTrace Information: 0 : 6908, 1, 2024/03/30, 08:54:59.327, 2118263002497, vstest.console.dll, TestPluginManager.CreateTestExtension: Attempting to load test extension: Microsoft.TestPlatform.Extensions.BlameDataCollector.BlameLogger
TpTrace Verbose: 0 : 6908, 1, 2024/03/30, 08:54:59.358, 2118263318366, vstest.console.dll, TestEngine: Initializing Parallel Execution as MaxCpuCount is set to: 1
TpTrace Information: 0 : 6908, 1, 2024/03/30, 08:54:59.364, 2118263375927, vstest.console.dll, TestPluginManager.CreateTestExtension: Attempting to load test extension: Microsoft.VisualStudio.TestPlatform.CrossPlatEngine.Hosting.DefaultTestHostManager
TpTrace Information: 0 : 6908, 1, 2024/03/30, 08:54:59.367, 2118263411284, vstest.console.dll, TestPluginManager.CreateTestExtension: Attempting to load test extension: Microsoft.VisualStudio.TestPlatform.CrossPlatEngine.Hosting.DotnetTestHostManager
TpTrace Information: 0 : 6908, 1, 2024/03/30, 08:54:59.370, 2118263438561, vstest.console.dll, InferRunSettingsHelper.IsTestSettingsEnabled: Unable to navigate to RunSettings/MSTest. Current node: RunSettings
TpTrace Verbose: 0 : 6908, 1, 2024/03/30, 08:54:59.373, 2118263469806, vstest.console.dll, ParallelOperationManager.ClearSlots: Clearing all slots. Slots should accept more work: True
TpTrace Verbose: 0 : 6908, 1, 2024/03/30, 08:54:59.376, 2118263499102, vstest.console.dll, ParallelOperationManager.SetOccupiedSlotCount: Setting slot counts AvailableSlotCount = 1, OccupiedSlotCount = 0.
TpTrace Verbose: 0 : 6908, 1, 2024/03/30, 08:54:59.378, 2118263513279, vstest.console.dll, Occupied slots:

TpTrace Verbose: 0 : 6908, 1, 2024/03/30, 08:54:59.391, 2118263645416, vstest.console.dll, TestEngine.GetExecutionManager: Chosen execution manager 'Microsoft.VisualStudio.TestPlatform.CrossPlatEngine.Client.Parallel.ParallelProxyExecutionManager, Microsoft.TestPlatform.CrossPlatEngine, Version=15.0.0.0, Culture=neutral, PublicKeyToken=b03f5f7f11d50a3a' ParallelLevel '1'.
TpTrace Verbose: 0 : 6908, 1, 2024/03/30, 08:54:59.391, 2118263650163, vstest.console.dll, TestRunRequest.ExecuteAsync: Creating test run request.
TpTrace Verbose: 0 : 6908, 1, 2024/03/30, 08:54:59.392, 2118263659813, vstest.console.dll, TestRunRequest.ExecuteAsync: Starting.
TpTrace Information: 0 : 6908, 1, 2024/03/30, 08:54:59.401, 2118263750236, vstest.console.dll, TestRunRequest.ExecuteAsync: Starting run with settings:TestRunCriteria:
   KeepAlive=False,FrequencyOfRunStatsChangeEvent=10,RunStatsChangeEventTimeout=00:00:01.5000000,TestCaseFilter=,TestExecutorLauncher=
   Settingsxml=<RunSettings>
  <RunConfiguration>
    <ResultsDirectory>D:\QA-Sors-Jenkins\14-Continuous-Integration-II-Resources-Demo\02-House-Renting-System-App\HouseRentingSystem.Tests\bin\Debug\net6.0\fine-code-coverage\coverage-tool-output</ResultsDirectory>
    <TargetPlatform>X64</TargetPlatform>
    <TargetFrameworkVersion>.NETCoreApp,Version=v6.0</TargetFrameworkVersion>
    <DesignMode>False</DesignMode>
    <CollectSourceInformation>False</CollectSourceInformation>
  </RunConfiguration>
  <LoggerRunSettings>
    <Loggers>
      <Logger friendlyName="blame" enabled="True" />
      <Logger friendlyName="Console" uri="logger://microsoft/TestPlatform/ConsoleLogger/v1" assemblyQualifiedName="Microsoft.VisualStudio.TestPlatform.CommandLine.Internal.ConsoleLogger, vstest.console, Version=15.0.0.0, Culture=neutral, PublicKeyToken=b03f5f7f11d50a3a" codeBase="C:\Program Files\dotnet\sdk\8.0.202\vstest.console.dll" enabled="True" />
    </Loggers>
  </LoggerRunSettings>
  <DataCollectionRunSettings>
    <DataCollectors>
      <DataCollector friendlyName="blame" enabled="True">
        <Configuration>
          <ResultsDirectory>D:\QA-Sors-Jenkins\14-Continuous-Integration-II-Resources-Demo\02-House-Renting-System-App\HouseRentingSystem.Tests\bin\Debug\net6.0\fine-code-coverage\coverage-tool-output</ResultsDirectory>
        </Configuration>
      </DataCollector>
    </DataCollectors>
  </DataCollectionRunSettings>
</RunSettings>

TpTrace Verbose: 0 : 6908, 1, 2024/03/30, 08:54:59.402, 2118263753412, vstest.console.dll, TestRunRequest.ExecuteAsync: Wait for the first run request is over.
TpTrace Verbose: 0 : 6908, 1, 2024/03/30, 08:54:59.403, 2118263763872, vstest.console.dll, MulticastDelegateUtilities.SafeInvoke: TestRun.TestRunStart: Invoking callbacks was skipped because there are no subscribers.
TpTrace Verbose: 0 : 6908, 4, 2024/03/30, 08:54:59.403, 2118263769977, vstest.console.dll, MulticastDelegateUtilities.SafeInvoke: InternalTestLoggerEvents.SendTestRunStart: Invoking callback 1/1 for Microsoft.VisualStudio.TestPlatform.CommandLine.Internal.ConsoleLogger., took 0 ms.
TpTrace Verbose: 0 : 6908, 1, 2024/03/30, 08:54:59.408, 2118263814078, vstest.console.dll, ParallelProxyExecutionManager: Start execution. Total sources: 1
TpTrace Verbose: 0 : 6908, 1, 2024/03/30, 08:54:59.409, 2118263827898, vstest.console.dll, ParallelOperationManager.StartWork: Starting adding 1 workloads.
TpTrace Verbose: 0 : 6908, 1, 2024/03/30, 08:54:59.410, 2118263831728, vstest.console.dll, ParallelOperationManager.ClearSlots: Clearing all slots. Slots should accept more work: True
TpTrace Verbose: 0 : 6908, 1, 2024/03/30, 08:54:59.410, 2118263835429, vstest.console.dll, ParallelOperationManager.SetOccupiedSlotCount: Setting slot counts AvailableSlotCount = 1, OccupiedSlotCount = 0.
TpTrace Verbose: 0 : 6908, 1, 2024/03/30, 08:54:59.410, 2118263838123, vstest.console.dll, Occupied slots:

TpTrace Verbose: 0 : 6908, 1, 2024/03/30, 08:54:59.419, 2118263924331, vstest.console.dll, TestRequestSender is acting as server.
TpTrace Verbose: 0 : 6908, 1, 2024/03/30, 08:54:59.426, 2118263998420, vstest.console.dll, ParallelOperationManager.RunWorkInParallel: Adding 1 workload to slot, remaining workloads 0.
TpTrace Verbose: 0 : 6908, 1, 2024/03/30, 08:54:59.426, 2118264001475, vstest.console.dll, ParallelOperationManager.SetOccupiedSlotCount: Setting slot counts AvailableSlotCount = 0, OccupiedSlotCount = 1.
TpTrace Verbose: 0 : 6908, 1, 2024/03/30, 08:54:59.427, 2118264006273, vstest.console.dll, Occupied slots:
0: D:\QA-Sors-Jenkins\14-Continuous-Integration-II-Resources-Demo\02-House-Renting-System-App\HouseRentingSystem.Tests\bin\Debug\net6.0\fine-code-coverage\build-output\HouseRentingSystem.Tests.dll
TpTrace Verbose: 0 : 6908, 1, 2024/03/30, 08:54:59.434, 2118264073082, vstest.console.dll, ParallelOperationManager.RunWorkInParallel: Started host in slot number 0 for work (source): D:\QA-Sors-Jenkins\14-Continuous-Integration-II-Resources-Demo\02-House-Renting-System-App\HouseRentingSystem.Tests\bin\Debug\net6.0\fine-code-coverage\build-output\HouseRentingSystem.Tests.dll.
TpTrace Verbose: 0 : 6908, 5, 2024/03/30, 08:54:59.441, 2118264143200, vstest.console.dll, ParallelProxyExecutionManager.StartTestRunOnConcurrentManager: Initializing uninitialized client. Started clients: 0
TpTrace Verbose: 0 : 6908, 5, 2024/03/30, 08:54:59.441, 2118264149115, vstest.console.dll, DataCollectionRequestSender.InitializeCommunication : Initialize communication. 
TpTrace Verbose: 0 : 6908, 1, 2024/03/30, 08:54:59.451, 2118264249142, vstest.console.dll, ParallelOperationManager.RunWorkInParallel: We started 1 work items, which is the max parallel level. Won't start more work.
TpTrace Verbose: 0 : 6908, 1, 2024/03/30, 08:54:59.452, 2118264256047, vstest.console.dll, ParallelOperationManager.RunWorkInParallel: We started 1 work items in here, returning True.
TpTrace Information: 0 : 6908, 1, 2024/03/30, 08:54:59.453, 2118264265273, vstest.console.dll, TestRunRequest.ExecuteAsync: Started.
TpTrace Verbose: 0 : 6908, 1, 2024/03/30, 08:54:59.457, 2118264306505, vstest.console.dll, TestRunRequest.WaitForCompletion: Waiting with timeout -1.
TpTrace Information: 0 : 6908, 5, 2024/03/30, 08:54:59.476, 2118264492033, vstest.console.dll, Listening on Endpoint : 127.0.0.1:52603
TpTrace Verbose: 0 : 6908, 5, 2024/03/30, 08:54:59.499, 2118264726077, vstest.console.dll, DotnetDataCollectionLauncher: Adding  --runtimeconfig "C:\Program Files\dotnet\sdk\8.0.202\datacollector.runtimeconfig.json" in args
TpTrace Verbose: 0 : 6908, 5, 2024/03/30, 08:54:59.500, 2118264735473, vstest.console.dll, DotnetDataCollectionLauncher: Adding  --depsfile "C:\Program Files\dotnet\sdk\8.0.202\datacollector.deps.json" in args
TpTrace Verbose: 0 : 6908, 5, 2024/03/30, 08:54:59.501, 2118264747648, vstest.console.dll, DotnetDataCollectionLauncher: Full path of dotnet.exe is C:\Program Files\dotnet\dotnet.exe
TpTrace Information: 0 : 6908, 5, 2024/03/30, 08:54:59.526, 2118264998251, vstest.console.dll, ProxyDataCollectionManager.Initialize: Launched datacollector processId: 9000 port: 52603
TpTrace Information: 0 : 6908, 5, 2024/03/30, 08:54:59.527, 2118265002233, vstest.console.dll, ProxyDataCollectionManager.Initialize: waiting for connection with timeout: 90 seconds
TpTrace Verbose: 0 : 6908, 5, 2024/03/30, 08:54:59.527, 2118265005356, vstest.console.dll, DataCollectionRequestSender.WaitForRequestHandlerConnection : Waiting for connection with timeout: 90000
TpTrace Information: 0 : 6908, 11, 2024/03/30, 08:55:00.062, 2118270354168, vstest.console.dll, Using the buffer size of 16384 bytes
TpTrace Verbose: 0 : 6908, 5, 2024/03/30, 08:55:00.062, 2118270355834, vstest.console.dll, SocketCommunicationManager.WaitForClientConnection took: 534 ms, with 90000 ms timeout, and finished with True.
TpTrace Information: 0 : 6908, 11, 2024/03/30, 08:55:00.062, 2118270360794, vstest.console.dll, Accepted Client request and set the flag
TpTrace Verbose: 0 : 6908, 5, 2024/03/30, 08:55:00.063, 2118270364659, vstest.console.dll, ProxyDataCollectionManager.InvokeDataCollectionServiceAction: Starting.
TpTrace Information: 0 : 6908, 5, 2024/03/30, 08:55:00.063, 2118270369163, vstest.console.dll, ProxyDataCollectionManager.BeforeTestRunStart: Get environment variable and port for datacollector processId: 9000 port: 52603
TpTrace Verbose: 0 : 6908, 5, 2024/03/30, 08:55:00.064, 2118270374708, vstest.console.dll, DataCollectionRequestSender.SendBeforeTestRunStartAndGetResult: Send BeforeTestRunStart message with settingsXml <RunSettings><RunConfiguration><ResultsDirectory>D:\QA-Sors-Jenkins\14-Continuous-Integration-II-Resources-Demo\02-House-Renting-System-App\HouseRentingSystem.Tests\bin\Debug\net6.0\fine-code-coverage\coverage-tool-output</ResultsDirectory><TargetPlatform>X64</TargetPlatform><TargetFrameworkVersion>.NETCoreApp,Version=v6.0</TargetFrameworkVersion><DesignMode>False</DesignMode><CollectSourceInformation>False</CollectSourceInformation><TestAdaptersPaths>C:\Program Files\dotnet\sdk\8.0.202\Extensions</TestAdaptersPaths></RunConfiguration><LoggerRunSettings><Loggers><Logger friendlyName="blame" enabled="True" /><Logger friendlyName="Console" uri="logger://microsoft/TestPlatform/ConsoleLogger/v1" assemblyQualifiedName="Microsoft.VisualStudio.TestPlatform.CommandLine.Internal.ConsoleLogger, vstest.console, Version=15.0.0.0, Culture=neutral, PublicKeyToken=b03f5f7f11d50a3a" codeBase="C:\Program Files\dotnet\sdk\8.0.202\vstest.console.dll" enabled="True" /></Loggers></LoggerRunSettings><DataCollectionRunSettings><DataCollectors><DataCollector friendlyName="blame" enabled="True"><Configuration><ResultsDirectory>D:\QA-Sors-Jenkins\14-Continuous-Integration-II-Resources-Demo\02-House-Renting-System-App\HouseRentingSystem.Tests\bin\Debug\net6.0\fine-code-coverage\coverage-tool-output</ResultsDirectory></Configuration></DataCollector></DataCollectors></DataCollectionRunSettings></RunSettings> and sources System.Collections.Generic.List`1[System.String]: 
TpTrace Verbose: 0 : 6908, 5, 2024/03/30, 08:55:00.321, 2118272941696, vstest.console.dll, DataCollectionRequestSender.SendBeforeTestRunStartAndGetResult: Received message: (DataCollection.SendMessage) -> {"MessageType":"DataCollection.SendMessage","Payload":{"FriendlyName":null,"Uri":null,"TestCaseId":"00000000-0000-0000-0000-000000000000","Message":"Logging DataCollector Diagnostics in file: D:\\QA-Sors-Jenkins\\14-Continuous-Integration-II-Resources-Demo\\02-House-Renting-System-App\\HouseRentingSystem.Tests\\bin\\Debug\\net6.0\\fine-code-coverage\\coverage-tool-output\\diagnostics.datacollector.24-03-30_08-54-59_49818_5.log","Level":0}}
TpTrace Verbose: 0 : 6908, 5, 2024/03/30, 08:55:00.614, 2118275872499, vstest.console.dll, DataCollectionRequestSender.SendBeforeTestRunStartAndGetResult: Received message: (DataCollection.BeforeTestRunStartResult) -> {"MessageType":"DataCollection.BeforeTestRunStartResult","Payload":{"EnvironmentVariables":{},"DataCollectionEventsPort":52605}}
TpTrace Information: 0 : 6908, 5, 2024/03/30, 08:55:00.628, 2118276018776, vstest.console.dll, ProxyDataCollectionManager.BeforeTestRunStart: SendBeforeTestRunStartAndGetResult successful, env variable from datacollector:   and testhost port: 52605
TpTrace Information: 0 : 6908, 5, 2024/03/30, 08:55:00.629, 2118276022093, vstest.console.dll, ProxyDataCollectionManager.InvokeDataCollectionServiceAction: Completed.
TpTrace Verbose: 0 : 6908, 5, 2024/03/30, 08:55:00.629, 2118276025023, vstest.console.dll, ParallelProxyExecutionManager.StartTestRunOnConcurrentManager: Initializing test run. Started clients: 0
TpTrace Verbose: 0 : 6908, 5, 2024/03/30, 08:55:00.629, 2118276028442, vstest.console.dll, ProxyExecutionManager: Test host is always Lazy initialize.
TpTrace Verbose: 0 : 6908, 5, 2024/03/30, 08:55:00.630, 2118276035547, vstest.console.dll, TestRequestSender.InitializeCommunication: initialize communication. 
TpTrace Information: 0 : 6908, 5, 2024/03/30, 08:55:00.631, 2118276049893, vstest.console.dll, SocketServer.Start: Listening on endpoint : 127.0.0.1:52606
TpTrace Verbose: 0 : 6908, 5, 2024/03/30, 08:55:00.634, 2118276074425, vstest.console.dll, DotnetTestHostmanager.GetTestHostProcessStartInfo: Platform environment 'X64' target architecture 'X64' framework '.NETCoreApp,Version=v6.0' OS 'Windows'
TpTrace Verbose: 0 : 6908, 5, 2024/03/30, 08:55:00.634, 2118276080390, vstest.console.dll, DotnetTestHostmanager: Adding  --runtimeconfig "D:\QA-Sors-Jenkins\14-Continuous-Integration-II-Resources-Demo\02-House-Renting-System-App\HouseRentingSystem.Tests\bin\Debug\net6.0\fine-code-coverage\build-output\HouseRentingSystem.Tests.runtimeconfig.json" in args
TpTrace Verbose: 0 : 6908, 5, 2024/03/30, 08:55:00.635, 2118276083036, vstest.console.dll, DotnetTestHostmanager: Adding  --depsfile "D:\QA-Sors-Jenkins\14-Continuous-Integration-II-Resources-Demo\02-House-Renting-System-App\HouseRentingSystem.Tests\bin\Debug\net6.0\fine-code-coverage\build-output\HouseRentingSystem.Tests.deps.json" in args
TpTrace Verbose: 0 : 6908, 5, 2024/03/30, 08:55:00.635, 2118276088780, vstest.console.dll, DotnetTestHostmanager.IsWinOnArm: Current PROCESSOR_ARCHITECTURE from environment variable 'AMD64'
TpTrace Verbose: 0 : 6908, 5, 2024/03/30, 08:55:00.635, 2118276091461, vstest.console.dll, DotnetTestHostmanager.IsWinOnArm: Is Windows on ARM 'False'
TpTrace Verbose: 0 : 6908, 5, 2024/03/30, 08:55:00.636, 2118276094255, vstest.console.dll, DotnetTestHostManager: testhost.exe found at path: D:\QA-Sors-Jenkins\14-Continuous-Integration-II-Resources-Demo\02-House-Renting-System-App\HouseRentingSystem.Tests\bin\Debug\net6.0\fine-code-coverage\build-output\testhost.exe
TpTrace Verbose: 0 : 6908, 5, 2024/03/30, 08:55:00.636, 2118276096220, vstest.console.dll, DotnetTestHostmanager: Full path of host exe is D:\QA-Sors-Jenkins\14-Continuous-Integration-II-Resources-Demo\02-House-Renting-System-App\HouseRentingSystem.Tests\bin\Debug\net6.0\fine-code-coverage\build-output\testhost.exe
TpTrace Verbose: 0 : 6908, 5, 2024/03/30, 08:55:00.636, 2118276101052, vstest.console.dll, DotnetTestHostmanager.LaunchTestHostAsync: Found 'VSTEST_WINAPPHOST_DOTNET_ROOT' in env variables, value 'C:\Program Files\dotnet', forwarding to 'DOTNET_ROOT'
TpTrace Verbose: 0 : 6908, 5, 2024/03/30, 08:55:00.637, 2118276106316, vstest.console.dll, DotnetTestHostManager: Starting process 'D:\QA-Sors-Jenkins\14-Continuous-Integration-II-Resources-Demo\02-House-Renting-System-App\HouseRentingSystem.Tests\bin\Debug\net6.0\fine-code-coverage\build-output\testhost.exe' with command line ' --runtimeconfig "D:\QA-Sors-Jenkins\14-Continuous-Integration-II-Resources-Demo\02-House-Renting-System-App\HouseRentingSystem.Tests\bin\Debug\net6.0\fine-code-coverage\build-output\HouseRentingSystem.Tests.runtimeconfig.json" --depsfile "D:\QA-Sors-Jenkins\14-Continuous-Integration-II-Resources-Demo\02-House-Renting-System-App\HouseRentingSystem.Tests\bin\Debug\net6.0\fine-code-coverage\build-output\HouseRentingSystem.Tests.deps.json" --port 52606 --endpoint 127.0.0.1:052606 --role client --parentprocessid 6908 --diag "D:\QA-Sors-Jenkins\14-Continuous-Integration-II-Resources-Demo\02-House-Renting-System-App\HouseRentingSystem.Tests\bin\Debug\net6.0\fine-code-coverage\coverage-tool-output\diagnostics.host.24-03-30_08-55-00_63309_5.log" --tracelevel 4 --datacollectionport 52605 --telemetryoptedin false'
TpTrace Verbose: 0 : 6908, 5, 2024/03/30, 08:55:00.780, 2118277537684, vstest.console.dll, MulticastDelegateUtilities.SafeInvoke: HostProviderEvents.OnHostLaunched: Invoking callback 1/2 for Microsoft.VisualStudio.TestPlatform.CrossPlatEngine.Client.ProxyExecutionManagerWithDataCollection., took 2 ms.
TpTrace Verbose: 0 : 6908, 5, 2024/03/30, 08:55:00.781, 2118277547369, vstest.console.dll, Test Runtime launched
TpTrace Verbose: 0 : 6908, 5, 2024/03/30, 08:55:00.781, 2118277551093, vstest.console.dll, MulticastDelegateUtilities.SafeInvoke: HostProviderEvents.OnHostLaunched: Invoking callback 2/2 for Microsoft.VisualStudio.TestPlatform.CrossPlatEngine.Client.ProxyOperationManager., took 0 ms.
TpTrace Verbose: 0 : 6908, 5, 2024/03/30, 08:55:00.783, 2118277561681, vstest.console.dll, TestRequestSender.WaitForRequestHandlerConnection: waiting for connection with timeout: 90000.
TpTrace Verbose: 0 : 6908, 6, 2024/03/30, 08:55:01.560, 2118285338171, vstest.console.dll, MulticastDelegateUtilities.SafeInvoke: SocketServer: ClientConnected: Invoking callback 1/1 for Microsoft.VisualStudio.TestPlatform.CommunicationUtilities.TestRequestSender., took 0 ms.
TpTrace Verbose: 0 : 6908, 5, 2024/03/30, 08:55:01.560, 2118285338444, vstest.console.dll, TestRequestSender.WaitForRequestHandlerConnection: waiting took 777 ms, with timeout 90000 ms, and result 0, which is success.
TpTrace Verbose: 0 : 6908, 6, 2024/03/30, 08:55:01.561, 2118285341681, vstest.console.dll, SocketServer.OnClientConnected: Client connected for endPoint: 127.0.0.1:52606, starting MessageLoopAsync:
TpTrace Verbose: 0 : 6908, 6, 2024/03/30, 08:55:01.563, 2118285365945, vstest.console.dll, TcpClientExtensions.MessageLoopAsync: Polling on remoteEndPoint: 127.0.0.1:52607 localEndPoint: 127.0.0.1:52606 after 0 ms
TpTrace Verbose: 0 : 6908, 5, 2024/03/30, 08:55:01.572, 2118285455390, vstest.console.dll, TestRequestSender.CheckVersionWithTestHost: Sending check version message: {"MessageType":"ProtocolVersion","Payload":7}
TpTrace Verbose: 0 : 6908, 6, 2024/03/30, 08:55:02.036, 2118290097815, vstest.console.dll, TcpClientExtensions.MessageLoopAsync: NotifyDataAvailable remoteEndPoint: 127.0.0.1:52607 localEndPoint: 127.0.0.1:52606
TpTrace Verbose: 0 : 6908, 6, 2024/03/30, 08:55:02.037, 2118290103568, vstest.console.dll, TestRequestSender.CheckVersionWithTestHost: onMessageReceived received message: (ProtocolVersion) -> {"MessageType":"ProtocolVersion","Payload":5}
TpTrace Verbose: 0 : 6908, 6, 2024/03/30, 08:55:02.039, 2118290125161, vstest.console.dll, MulticastDelegateUtilities.SafeInvoke: LengthPrefixCommunicationChannel: MessageReceived: Invoking callback 1/1 for Microsoft.VisualStudio.TestPlatform.CommunicationUtilities.TestRequestSender+<>c__DisplayClass29_0., took 2 ms.
TpTrace Verbose: 0 : 6908, 5, 2024/03/30, 08:55:02.039, 2118290127566, vstest.console.dll, TestPluginCache.GetExtensionPaths: Filtered extension paths: 
TpTrace Verbose: 0 : 6908, 6, 2024/03/30, 08:55:02.039, 2118290129951, vstest.console.dll, TcpClientExtensions.MessageLoopAsync: Polling on remoteEndPoint: 127.0.0.1:52607 localEndPoint: 127.0.0.1:52606 after 476 ms
TpTrace Verbose: 0 : 6908, 5, 2024/03/30, 08:55:02.040, 2118290131904, vstest.console.dll, TestPluginCache.GetExtensionPaths: Added default extension paths: C:\Program Files\dotnet\sdk\8.0.202\Extensions\Microsoft.Diagnostics.NETCore.Client.dll
C:\Program Files\dotnet\sdk\8.0.202\Extensions\Microsoft.TestPlatform.Extensions.BlameDataCollector.dll
C:\Program Files\dotnet\sdk\8.0.202\Extensions\Microsoft.TestPlatform.Extensions.EventLogCollector.dll
C:\Program Files\dotnet\sdk\8.0.202\Extensions\Microsoft.TestPlatform.TestHostRuntimeProvider.dll
C:\Program Files\dotnet\sdk\8.0.202\Extensions\Microsoft.VisualStudio.TestPlatform.Extensions.Html.TestLogger.dll
C:\Program Files\dotnet\sdk\8.0.202\Extensions\Microsoft.VisualStudio.TestPlatform.Extensions.Trx.TestLogger.dll
TpTrace Verbose: 0 : 6908, 5, 2024/03/30, 08:55:02.040, 2118290136871, vstest.console.dll, TestPluginCache.GetExtensionPaths: Added unfilterableExtensionPaths: 
TpTrace Verbose: 0 : 6908, 5, 2024/03/30, 08:55:02.052, 2118290254383, vstest.console.dll, TestRequestSender.InitializeExecution: Sending initialize execution with message: {"Version":5,"MessageType":"TestExecution.Initialize","Payload":["D:\\QA-Sors-Jenkins\\14-Continuous-Integration-II-Resources-Demo\\02-House-Renting-System-App\\HouseRentingSystem.Tests\\bin\\Debug\\net6.0\\fine-code-coverage\\build-output\\NUnit3.TestAdapter.dll"]}
TpTrace Verbose: 0 : 6908, 5, 2024/03/30, 08:55:02.052, 2118290259291, vstest.console.dll, ParallelProxyExecutionManager.StartTestRunOnConcurrentManager: Execution starting. Started clients: 1
TpTrace Verbose: 0 : 6908, 5, 2024/03/30, 08:55:02.053, 2118290267436, vstest.console.dll, TestRunRequest:SendTestRunMessage: Starting.
TpTrace Verbose: 0 : 6908, 5, 2024/03/30, 08:55:02.054, 2118290272794, vstest.console.dll, MulticastDelegateUtilities.SafeInvoke: TestRun.LogMessages: Invoking callback 1/1 for Microsoft.VisualStudio.TestPlatform.CommandLine.TestRunResultAggregator., took 0 ms.
TpTrace Information: 0 : 6908, 5, 2024/03/30, 08:55:02.054, 2118290275064, vstest.console.dll, TestRunRequest:SendTestRunMessage: Completed.
TpTrace Verbose: 0 : 6908, 4, 2024/03/30, 08:55:02.054, 2118290278519, vstest.console.dll, MulticastDelegateUtilities.SafeInvoke: InternalTestLoggerEvents.SendTestRunMessage: Invoking callback 1/1 for Microsoft.VisualStudio.TestPlatform.CommandLine.Internal.ConsoleLogger., took 0 ms.
TpTrace Warning: 0 : 6908, 5, 2024/03/30, 08:55:02.056, 2118290294743, vstest.console.dll, InferRunSettingsHelper.MakeRunsettingsCompatible: Removing the following settings: TargetPlatform from RunSettings file. To use those settings please move to latest version of Microsoft.NET.Test.Sdk
TpTrace Verbose: 0 : 6908, 6, 2024/03/30, 08:55:02.077, 2118290501683, vstest.console.dll, TcpClientExtensions.MessageLoopAsync: NotifyDataAvailable remoteEndPoint: 127.0.0.1:52607 localEndPoint: 127.0.0.1:52606
TpTrace Verbose: 0 : 6908, 6, 2024/03/30, 08:55:02.078, 2118290512917, vstest.console.dll, TestRequestSender.OnExecutionMessageReceived: Received message: {"Version":5,"MessageType":"TestSession.Message","Payload":{"MessageLevel":0,"Message":"Logging TestHost Diagnostics in file: D:\\QA-Sors-Jenkins\\14-Continuous-Integration-II-Resources-Demo\\02-House-Renting-System-App\\HouseRentingSystem.Tests\\bin\\Debug\\net6.0\\fine-code-coverage\\coverage-tool-output\\diagnostics.host.24-03-30_08-55-00_63309_5.log"}}
TpTrace Verbose: 0 : 6908, 5, 2024/03/30, 08:55:02.079, 2118290528042, vstest.console.dll, TestRequestSender.StartTestRun: Sending test run with message: {"Version":5,"MessageType":"TestExecution.StartWithSources","Payload":{"AdapterSourceMap":{"_none_":["D:\\QA-Sors-Jenkins\\14-Continuous-Integration-II-Resources-Demo\\02-House-Renting-System-App\\HouseRentingSystem.Tests\\bin\\Debug\\net6.0\\fine-code-coverage\\build-output\\HouseRentingSystem.Tests.dll"]},"RunSettings":"<RunSettings>\r\n  <RunConfiguration>\r\n    <ResultsDirectory>D:\\QA-Sors-Jenkins\\14-Continuous-Integration-II-Resources-Demo\\02-House-Renting-System-App\\HouseRentingSystem.Tests\\bin\\Debug\\net6.0\\fine-code-coverage\\coverage-tool-output</ResultsDirectory>\r\n    <TargetFrameworkVersion>.NETCoreApp,Version=v6.0</TargetFrameworkVersion>\r\n    <DesignMode>False</DesignMode>\r\n    <CollectSourceInformation>False</CollectSourceInformation>\r\n  </RunConfiguration>\r\n  <LoggerRunSettings>\r\n    <Loggers>\r\n      <Logger friendlyName=\"blame\" enabled=\"True\" />\r\n      <Logger friendlyName=\"Console\" uri=\"logger://microsoft/TestPlatform/ConsoleLogger/v1\" assemblyQualifiedName=\"Microsoft.VisualStudio.TestPlatform.CommandLine.Internal.ConsoleLogger, vstest.console, Version=15.0.0.0, Culture=neutral, PublicKeyToken=b03f5f7f11d50a3a\" codeBase=\"C:\\Program Files\\dotnet\\sdk\\8.0.202\\vstest.console.dll\" enabled=\"True\" />\r\n    </Loggers>\r\n  </LoggerRunSettings>\r\n  <DataCollectionRunSettings>\r\n    <DataCollectors>\r\n      <DataCollector friendlyName=\"blame\" enabled=\"True\">\r\n        <Configuration>\r\n          <ResultsDirectory>D:\\QA-Sors-Jenkins\\14-Continuous-Integration-II-Resources-Demo\\02-House-Renting-System-App\\HouseRentingSystem.Tests\\bin\\Debug\\net6.0\\fine-code-coverage\\coverage-tool-output</ResultsDirectory>\r\n        </Configuration>\r\n      </DataCollector>\r\n    </DataCollectors>\r\n  </DataCollectionRunSettings>\r\n</RunSettings>","TestExecutionContext":{"FrequencyOfRunStatsChangeEvent":10,"RunStatsChangeEventTimeout":"00:00:01.5000000","InIsolation":false,"KeepAlive":false,"AreTestCaseLevelEventsRequired":false,"IsDebug":false,"TestCaseFilter":null,"FilterOptions":null},"Package":null}}
TpTrace Verbose: 0 : 6908, 5, 2024/03/30, 08:55:02.080, 2118290532676, vstest.console.dll, ParallelProxyExecutionManager.StartTestRunOnConcurrentManager: Execution started. Started clients: 1
TpTrace Verbose: 0 : 6908, 6, 2024/03/30, 08:55:02.087, 2118290608746, vstest.console.dll, TestRunRequest:SendTestRunMessage: Starting.
TpTrace Verbose: 0 : 6908, 6, 2024/03/30, 08:55:02.088, 2118290613531, vstest.console.dll, MulticastDelegateUtilities.SafeInvoke: TestRun.LogMessages: Invoking callback 1/1 for Microsoft.VisualStudio.TestPlatform.CommandLine.TestRunResultAggregator., took 0 ms.
TpTrace Verbose: 0 : 6908, 4, 2024/03/30, 08:55:02.088, 2118290614599, vstest.console.dll, MulticastDelegateUtilities.SafeInvoke: InternalTestLoggerEvents.SendTestRunMessage: Invoking callback 1/1 for Microsoft.VisualStudio.TestPlatform.CommandLine.Internal.ConsoleLogger., took 0 ms.
TpTrace Information: 0 : 6908, 6, 2024/03/30, 08:55:02.088, 2118290616145, vstest.console.dll, TestRunRequest:SendTestRunMessage: Completed.
TpTrace Verbose: 0 : 6908, 6, 2024/03/30, 08:55:02.088, 2118290621106, vstest.console.dll, MulticastDelegateUtilities.SafeInvoke: LengthPrefixCommunicationChannel: MessageReceived: Invoking callback 1/1 for Microsoft.VisualStudio.TestPlatform.CommunicationUtilities.TestRequestSender+<>c__DisplayClass34_0., took 11 ms.
TpTrace Verbose: 0 : 6908, 6, 2024/03/30, 08:55:02.089, 2118290623220, vstest.console.dll, TcpClientExtensions.MessageLoopAsync: Polling on remoteEndPoint: 127.0.0.1:52607 localEndPoint: 127.0.0.1:52606 after 48 ms
TpTrace Verbose: 0 : 6908, 6, 2024/03/30, 08:55:02.693, 2118296667455, vstest.console.dll, TcpClientExtensions.MessageLoopAsync: NotifyDataAvailable remoteEndPoint: 127.0.0.1:52607 localEndPoint: 127.0.0.1:52606
TpTrace Verbose: 0 : 6908, 6, 2024/03/30, 08:55:02.693, 2118296671138, vstest.console.dll, TestRequestSender.OnExecutionMessageReceived: Received message: {"Version":5,"MessageType":"TestSession.Message","Payload":{"MessageLevel":0,"Message":"NUnit Adapter 4.2.0.0: Test execution started"}}
TpTrace Verbose: 0 : 6908, 6, 2024/03/30, 08:55:02.694, 2118296676394, vstest.console.dll, TestRunRequest:SendTestRunMessage: Starting.
TpTrace Verbose: 0 : 6908, 6, 2024/03/30, 08:55:02.694, 2118296679354, vstest.console.dll, MulticastDelegateUtilities.SafeInvoke: TestRun.LogMessages: Invoking callback 1/1 for Microsoft.VisualStudio.TestPlatform.CommandLine.TestRunResultAggregator., took 0 ms.
TpTrace Verbose: 0 : 6908, 4, 2024/03/30, 08:55:02.694, 2118296680184, vstest.console.dll, MulticastDelegateUtilities.SafeInvoke: InternalTestLoggerEvents.SendTestRunMessage: Invoking callback 1/1 for Microsoft.VisualStudio.TestPlatform.CommandLine.Internal.ConsoleLogger., took 0 ms.
TpTrace Information: 0 : 6908, 6, 2024/03/30, 08:55:02.694, 2118296680924, vstest.console.dll, TestRunRequest:SendTestRunMessage: Completed.
TpTrace Verbose: 0 : 6908, 6, 2024/03/30, 08:55:02.695, 2118296684901, vstest.console.dll, MulticastDelegateUtilities.SafeInvoke: LengthPrefixCommunicationChannel: MessageReceived: Invoking callback 1/1 for Microsoft.VisualStudio.TestPlatform.CommunicationUtilities.TestRequestSender+<>c__DisplayClass34_0., took 1 ms.
TpTrace Verbose: 0 : 6908, 6, 2024/03/30, 08:55:02.695, 2118296686308, vstest.console.dll, TcpClientExtensions.MessageLoopAsync: Polling on remoteEndPoint: 127.0.0.1:52607 localEndPoint: 127.0.0.1:52606 after 606 ms
TpTrace Verbose: 0 : 6908, 6, 2024/03/30, 08:55:02.790, 2118297639882, vstest.console.dll, TcpClientExtensions.MessageLoopAsync: NotifyDataAvailable remoteEndPoint: 127.0.0.1:52607 localEndPoint: 127.0.0.1:52606
TpTrace Verbose: 0 : 6908, 6, 2024/03/30, 08:55:02.791, 2118297643293, vstest.console.dll, TestRequestSender.OnExecutionMessageReceived: Received message: {"Version":5,"MessageType":"TestSession.Message","Payload":{"MessageLevel":0,"Message":"Running all tests in D:\\QA-Sors-Jenkins\\14-Continuous-Integration-II-Resources-Demo\\02-House-Renting-System-App\\HouseRentingSystem.Tests\\bin\\Debug\\net6.0\\fine-code-coverage\\build-output\\HouseRentingSystem.Tests.dll"}}
TpTrace Verbose: 0 : 6908, 6, 2024/03/30, 08:55:02.794, 2118297679175, vstest.console.dll, TestRunRequest:SendTestRunMessage: Starting.
TpTrace Verbose: 0 : 6908, 6, 2024/03/30, 08:55:02.795, 2118297682751, vstest.console.dll, MulticastDelegateUtilities.SafeInvoke: TestRun.LogMessages: Invoking callback 1/1 for Microsoft.VisualStudio.TestPlatform.CommandLine.TestRunResultAggregator., took 0 ms.
TpTrace Verbose: 0 : 6908, 4, 2024/03/30, 08:55:02.795, 2118297683477, vstest.console.dll, MulticastDelegateUtilities.SafeInvoke: InternalTestLoggerEvents.SendTestRunMessage: Invoking callback 1/1 for Microsoft.VisualStudio.TestPlatform.CommandLine.Internal.ConsoleLogger., took 0 ms.
TpTrace Information: 0 : 6908, 6, 2024/03/30, 08:55:02.795, 2118297686115, vstest.console.dll, TestRunRequest:SendTestRunMessage: Completed.
TpTrace Verbose: 0 : 6908, 6, 2024/03/30, 08:55:02.795, 2118297688111, vstest.console.dll, MulticastDelegateUtilities.SafeInvoke: LengthPrefixCommunicationChannel: MessageReceived: Invoking callback 1/1 for Microsoft.VisualStudio.TestPlatform.CommunicationUtilities.TestRequestSender+<>c__DisplayClass34_0., took 4 ms.
TpTrace Verbose: 0 : 6908, 6, 2024/03/30, 08:55:02.795, 2118297689521, vstest.console.dll, TcpClientExtensions.MessageLoopAsync: Polling on remoteEndPoint: 127.0.0.1:52607 localEndPoint: 127.0.0.1:52606 after 100 ms
TpTrace Verbose: 0 : 6908, 6, 2024/03/30, 08:55:03.382, 2118303554434, vstest.console.dll, TcpClientExtensions.MessageLoopAsync: NotifyDataAvailable remoteEndPoint: 127.0.0.1:52607 localEndPoint: 127.0.0.1:52606
TpTrace Verbose: 0 : 6908, 6, 2024/03/30, 08:55:03.382, 2118303557545, vstest.console.dll, TestRequestSender.OnExecutionMessageReceived: Received message: {"Version":5,"MessageType":"TestSession.Message","Payload":{"MessageLevel":0,"Message":"   NUnit3TestExecutor discovered 29 of 29 NUnit test cases using Current Discovery mode, Non-Explicit run"}}
TpTrace Verbose: 0 : 6908, 6, 2024/03/30, 08:55:03.382, 2118303560812, vstest.console.dll, TestRunRequest:SendTestRunMessage: Starting.
TpTrace Verbose: 0 : 6908, 6, 2024/03/30, 08:55:03.383, 2118303563347, vstest.console.dll, MulticastDelegateUtilities.SafeInvoke: TestRun.LogMessages: Invoking callback 1/1 for Microsoft.VisualStudio.TestPlatform.CommandLine.TestRunResultAggregator., took 0 ms.
TpTrace Verbose: 0 : 6908, 4, 2024/03/30, 08:55:03.383, 2118303563986, vstest.console.dll, MulticastDelegateUtilities.SafeInvoke: InternalTestLoggerEvents.SendTestRunMessage: Invoking callback 1/1 for Microsoft.VisualStudio.TestPlatform.CommandLine.Internal.ConsoleLogger., took 0 ms.
TpTrace Information: 0 : 6908, 6, 2024/03/30, 08:55:03.383, 2118303564955, vstest.console.dll, TestRunRequest:SendTestRunMessage: Completed.
TpTrace Verbose: 0 : 6908, 6, 2024/03/30, 08:55:03.383, 2118303568437, vstest.console.dll, MulticastDelegateUtilities.SafeInvoke: LengthPrefixCommunicationChannel: MessageReceived: Invoking callback 1/1 for Microsoft.VisualStudio.TestPlatform.CommunicationUtilities.TestRequestSender+<>c__DisplayClass34_0., took 1 ms.
TpTrace Verbose: 0 : 6908, 6, 2024/03/30, 08:55:03.383, 2118303569694, vstest.console.dll, TcpClientExtensions.MessageLoopAsync: Polling on remoteEndPoint: 127.0.0.1:52607 localEndPoint: 127.0.0.1:52606 after 587 ms
TpTrace Verbose: 0 : 6908, 6, 2024/03/30, 08:55:04.045, 2118310186111, vstest.console.dll, TcpClientExtensions.MessageLoopAsync: NotifyDataAvailable remoteEndPoint: 127.0.0.1:52607 localEndPoint: 127.0.0.1:52606
TpTrace Verbose: 0 : 6908, 6, 2024/03/30, 08:55:04.045, 2118310190278, vstest.console.dll, TestRequestSender.OnExecutionMessageReceived: Received message: {"Version":5,"MessageType":"TestExecution.StatsChange","Payload":{"NewTestResults":[],"TestRunStatistics":{"ExecutedTests":0,"Stats":{}},"ActiveTests":[{"Id":"6aa40687-0da3-eaf2-990a-c2698f9ffda9","FullyQualifiedName":"HouseRentingSystem.Tests.IntegrationsTests.HomeControllerTests.Error_ShouldReturnCorrectView","DisplayName":"Error_ShouldReturnCorrectView","ExecutorUri":"executor://NUnit3TestExecutor","Source":"D:\\QA-Sors-Jenkins\\14-Continuous-Integration-II-Resources-Demo\\02-House-Renting-System-App\\HouseRentingSystem.Tests\\bin\\Debug\\net6.0\\fine-code-coverage\\build-output\\HouseRentingSystem.Tests.dll","CodeFilePath":null,"LineNumber":0,"Properties":[{"Key":{"Id":"NUnit.Seed","Label":"Seed","Category":"","Description":"","Attributes":0,"ValueType":"System.String"},"Value":"126100595"}]}]}}
TpTrace Verbose: 0 : 6908, 6, 2024/03/30, 08:55:04.109, 2118310823829, vstest.console.dll, TestRunRequest:SendTestRunStatsChange: Starting.
TpTrace Verbose: 0 : 6908, 6, 2024/03/30, 08:55:04.109, 2118310827625, vstest.console.dll, InProgress is Error_ShouldReturnCorrectView
TpTrace Verbose: 0 : 6908, 6, 2024/03/30, 08:55:04.109, 2118310830209, vstest.console.dll, MulticastDelegateUtilities.SafeInvoke: TestRun.RunStatsChanged: Invoking callbacks was skipped because there are no subscribers.
TpTrace Information: 0 : 6908, 6, 2024/03/30, 08:55:04.109, 2118310831216, vstest.console.dll, TestRunRequest:SendTestRunStatsChange: Completed.
TpTrace Verbose: 0 : 6908, 6, 2024/03/30, 08:55:04.110, 2118310832433, vstest.console.dll, MulticastDelegateUtilities.SafeInvoke: LengthPrefixCommunicationChannel: MessageReceived: Invoking callback 1/1 for Microsoft.VisualStudio.TestPlatform.CommunicationUtilities.TestRequestSender+<>c__DisplayClass34_0., took 64 ms.
TpTrace Verbose: 0 : 6908, 6, 2024/03/30, 08:55:04.110, 2118310833504, vstest.console.dll, TcpClientExtensions.MessageLoopAsync: Polling on remoteEndPoint: 127.0.0.1:52607 localEndPoint: 127.0.0.1:52606 after 726 ms
TpTrace Verbose: 0 : 6908, 6, 2024/03/30, 08:55:05.124, 2118320978338, vstest.console.dll, TcpClientExtensions.MessageLoopAsync: Polling on remoteEndPoint: 127.0.0.1:52607 localEndPoint: 127.0.0.1:52606 after 1014 ms
TpTrace Verbose: 0 : 6908, 6, 2024/03/30, 08:55:05.588, 2118325619544, vstest.console.dll, TcpClientExtensions.MessageLoopAsync: NotifyDataAvailable remoteEndPoint: 127.0.0.1:52607 localEndPoint: 127.0.0.1:52606
TpTrace Verbose: 0 : 6908, 6, 2024/03/30, 08:55:05.589, 2118325625268, vstest.console.dll, TestRequestSender.OnExecutionMessageReceived: Received message: {"Version":5,"MessageType":"TestExecution.StatsChange","Payload":{"NewTestResults":[{"TestCase":{"Id":"6aa40687-0da3-eaf2-990a-c2698f9ffda9","FullyQualifiedName":"HouseRentingSystem.Tests.IntegrationsTests.HomeControllerTests.Error_ShouldReturnCorrectView","DisplayName":"Error_ShouldReturnCorrectView","ExecutorUri":"executor://NUnit3TestExecutor","Source":"D:\\QA-Sors-Jenkins\\14-Continuous-Integration-II-Resources-Demo\\02-House-Renting-System-App\\HouseRentingSystem.Tests\\bin\\Debug\\net6.0\\fine-code-coverage\\build-output\\HouseRentingSystem.Tests.dll","CodeFilePath":null,"LineNumber":0,"Properties":[{"Key":{"Id":"NUnit.Seed","Label":"Seed","Category":"","Description":"","Attributes":0,"ValueType":"System.String"},"Value":"126100595"}]},"Attachments":[],"Outcome":1,"ErrorMessage":null,"ErrorStackTrace":null,"DisplayName":"Error_ShouldReturnCorrectView","Messages":[],"ComputerName":"DESKTOP-H7DAA49","Duration":"00:00:00.1502920","StartTime":"2024-03-30T06:55:03.8576081+00:00","EndTime":"2024-03-30T06:55:04.0076187+00:00","Properties":[{"Key":{"Id":"NUnit.Seed","Label":"Seed","Category":"","Description":"","Attributes":0,"ValueType":"System.String"},"Value":"126100595"}]},{"TestCase":{"Id":"183aa34a-8bf9-b854-ec27-9cf7c59001a0","FullyQualifiedName":"HouseRentingSystem.Tests.IntegrationsTests.StatisticsApiControllerTests.GetStatistics_ShouldReturnCorrectCounts","DisplayName":"GetStatistics_ShouldReturnCorrectCounts","ExecutorUri":"executor://NUnit3TestExecutor","Source":"D:\\QA-Sors-Jenkins\\14-Continuous-Integration-II-Resources-Demo\\02-House-Renting-System-App\\HouseRentingSystem.Tests\\bin\\Debug\\net6.0\\fine-code-coverage\\build-output\\HouseRentingSystem.Tests.dll","CodeFilePath":null,"LineNumber":0,"Properties":[{"Key":{"Id":"NUnit.Seed","Label":"Seed","Category":"","Description":"","Attributes":0,"ValueType":"System.String"},"Value":"1859715893"}]},"Attachments":[],"Outcome":1,"ErrorMessage":null,"ErrorStackTrace":null,"DisplayName":"GetStatistics_ShouldReturnCorrectCounts","Messages":[],"ComputerName":"DESKTOP-H7DAA49","Duration":"00:00:00.0629110","StartTime":"2024-03-30T06:55:04.6032021+00:00","EndTime":"2024-03-30T06:55:04.6661135+00:00","Properties":[{"Key":{"Id":"NUnit.Seed","Label":"Seed","Category":"","Description":"","Attributes":0,"ValueType":"System.String"},"Value":"1859715893"}]}],"TestRunStatistics":{"ExecutedTests":2,"Stats":{"Passed":2}},"ActiveTests":[]}}
TpTrace Verbose: 0 : 6908, 6, 2024/03/30, 08:55:05.619, 2118325929702, vstest.console.dll, TestRunRequest:SendTestRunStatsChange: Starting.
TpTrace Verbose: 0 : 6908, 6, 2024/03/30, 08:55:05.620, 2118325937464, vstest.console.dll, MulticastDelegateUtilities.SafeInvoke: TestRun.RunStatsChanged: Invoking callbacks was skipped because there are no subscribers.
TpTrace Information: 0 : 6908, 6, 2024/03/30, 08:55:05.620, 2118325939335, vstest.console.dll, TestRunRequest:SendTestRunStatsChange: Completed.
TpTrace Verbose: 0 : 6908, 6, 2024/03/30, 08:55:05.620, 2118325940714, vstest.console.dll, MulticastDelegateUtilities.SafeInvoke: LengthPrefixCommunicationChannel: MessageReceived: Invoking callback 1/1 for Microsoft.VisualStudio.TestPlatform.CommunicationUtilities.TestRequestSender+<>c__DisplayClass34_0., took 31 ms.
TpTrace Verbose: 0 : 6908, 6, 2024/03/30, 08:55:05.621, 2118325942011, vstest.console.dll, TcpClientExtensions.MessageLoopAsync: Polling on remoteEndPoint: 127.0.0.1:52607 localEndPoint: 127.0.0.1:52606 after 496 ms
TpTrace Verbose: 0 : 6908, 4, 2024/03/30, 08:55:05.628, 2118326014445, vstest.console.dll, MulticastDelegateUtilities.SafeInvoke: InternalTestLoggerEvents.SendTestResult: Invoking callback 1/1 for Microsoft.VisualStudio.TestPlatform.CommandLine.Internal.ConsoleLogger., took 7 ms.
TpTrace Verbose: 0 : 6908, 4, 2024/03/30, 08:55:05.629, 2118326024809, vstest.console.dll, MulticastDelegateUtilities.SafeInvoke: InternalTestLoggerEvents.SendTestResult: Invoking callback 1/1 for Microsoft.VisualStudio.TestPlatform.CommandLine.Internal.ConsoleLogger., took 0 ms.
TpTrace Verbose: 0 : 6908, 6, 2024/03/30, 08:55:06.624, 2118335977295, vstest.console.dll, TcpClientExtensions.MessageLoopAsync: Polling on remoteEndPoint: 127.0.0.1:52607 localEndPoint: 127.0.0.1:52606 after 1003 ms
TpTrace Verbose: 0 : 6908, 6, 2024/03/30, 08:55:07.635, 2118346089149, vstest.console.dll, TcpClientExtensions.MessageLoopAsync: Polling on remoteEndPoint: 127.0.0.1:52607 localEndPoint: 127.0.0.1:52606 after 1010 ms
TpTrace Verbose: 0 : 6908, 6, 2024/03/30, 08:55:08.188, 2118351614372, vstest.console.dll, TcpClientExtensions.MessageLoopAsync: NotifyDataAvailable remoteEndPoint: 127.0.0.1:52607 localEndPoint: 127.0.0.1:52606
TpTrace Verbose: 0 : 6908, 6, 2024/03/30, 08:55:08.188, 2118351618743, vstest.console.dll, TestRequestSender.OnExecutionMessageReceived: Received message: {"Version":5,"MessageType":"TestExecution.StatsChange","Payload":{"NewTestResults":[],"TestRunStatistics":{"ExecutedTests":2,"Stats":{"Passed":2}},"ActiveTests":[{"Id":"4a4ba19d-b1e9-74ad-59a0-269e0af76fdd","FullyQualifiedName":"HouseRentingSystem.Tests.UnitTests.AgentServiceTests.AgentWithPhoneNumberExists_ShouldReturnTrue_WithValidData","DisplayName":"AgentWithPhoneNumberExists_ShouldReturnTrue_WithValidData","ExecutorUri":"executor://NUnit3TestExecutor","Source":"D:\\QA-Sors-Jenkins\\14-Continuous-Integration-II-Resources-Demo\\02-House-Renting-System-App\\HouseRentingSystem.Tests\\bin\\Debug\\net6.0\\fine-code-coverage\\build-output\\HouseRentingSystem.Tests.dll","CodeFilePath":null,"LineNumber":0,"Properties":[{"Key":{"Id":"NUnit.Seed","Label":"Seed","Category":"","Description":"","Attributes":0,"ValueType":"System.String"},"Value":"1211794697"}]}]}}
TpTrace Verbose: 0 : 6908, 6, 2024/03/30, 08:55:08.191, 2118351646719, vstest.console.dll, TestRunRequest:SendTestRunStatsChange: Starting.
TpTrace Verbose: 0 : 6908, 6, 2024/03/30, 08:55:08.191, 2118351648934, vstest.console.dll, InProgress is AgentWithPhoneNumberExists_ShouldReturnTrue_WithValidData
TpTrace Verbose: 0 : 6908, 6, 2024/03/30, 08:55:08.191, 2118351650104, vstest.console.dll, MulticastDelegateUtilities.SafeInvoke: TestRun.RunStatsChanged: Invoking callbacks was skipped because there are no subscribers.
TpTrace Information: 0 : 6908, 6, 2024/03/30, 08:55:08.191, 2118351651329, vstest.console.dll, TestRunRequest:SendTestRunStatsChange: Completed.
TpTrace Verbose: 0 : 6908, 6, 2024/03/30, 08:55:08.192, 2118351652518, vstest.console.dll, MulticastDelegateUtilities.SafeInvoke: LengthPrefixCommunicationChannel: MessageReceived: Invoking callback 1/1 for Microsoft.VisualStudio.TestPlatform.CommunicationUtilities.TestRequestSender+<>c__DisplayClass34_0., took 3 ms.
TpTrace Verbose: 0 : 6908, 6, 2024/03/30, 08:55:08.192, 2118351653724, vstest.console.dll, TcpClientExtensions.MessageLoopAsync: Polling on remoteEndPoint: 127.0.0.1:52607 localEndPoint: 127.0.0.1:52606 after 556 ms
TpTrace Verbose: 0 : 6908, 6, 2024/03/30, 08:55:09.200, 2118361740662, vstest.console.dll, TcpClientExtensions.MessageLoopAsync: Polling on remoteEndPoint: 127.0.0.1:52607 localEndPoint: 127.0.0.1:52606 after 1008 ms
TpTrace Verbose: 0 : 6908, 6, 2024/03/30, 08:55:09.273, 2118362467997, vstest.console.dll, TcpClientExtensions.MessageLoopAsync: NotifyDataAvailable remoteEndPoint: 127.0.0.1:52607 localEndPoint: 127.0.0.1:52606
TpTrace Verbose: 0 : 6908, 6, 2024/03/30, 08:55:09.274, 2118362478404, vstest.console.dll, TestRequestSender.OnExecutionMessageReceived: Received message: {"Version":5,"MessageType":"TestExecution.StatsChange","Payload":{"NewTestResults":[{"TestCase":{"Id":"4a4ba19d-b1e9-74ad-59a0-269e0af76fdd","FullyQualifiedName":"HouseRentingSystem.Tests.UnitTests.AgentServiceTests.AgentWithPhoneNumberExists_ShouldReturnTrue_WithValidData","DisplayName":"AgentWithPhoneNumberExists_ShouldReturnTrue_WithValidData","ExecutorUri":"executor://NUnit3TestExecutor","Source":"D:\\QA-Sors-Jenkins\\14-Continuous-Integration-II-Resources-Demo\\02-House-Renting-System-App\\HouseRentingSystem.Tests\\bin\\Debug\\net6.0\\fine-code-coverage\\build-output\\HouseRentingSystem.Tests.dll","CodeFilePath":null,"LineNumber":0,"Properties":[{"Key":{"Id":"NUnit.Seed","Label":"Seed","Category":"","Description":"","Attributes":0,"ValueType":"System.String"},"Value":"1211794697"}]},"Attachments":[],"Outcome":1,"ErrorMessage":null,"ErrorStackTrace":null,"DisplayName":"AgentWithPhoneNumberExists_ShouldReturnTrue_WithValidData","Messages":[],"ComputerName":"DESKTOP-H7DAA49","Duration":"00:00:00.4884580","StartTime":"2024-03-30T06:55:08.1856853+00:00","EndTime":"2024-03-30T06:55:08.6741428+00:00","Properties":[{"Key":{"Id":"NUnit.Seed","Label":"Seed","Category":"","Description":"","Attributes":0,"ValueType":"System.String"},"Value":"1211794697"}]},{"TestCase":{"Id":"1c48fe42-cce2-e6b9-a7d7-abc06baa9e8e","FullyQualifiedName":"HouseRentingSystem.Tests.UnitTests.AgentServiceTests.CreateAgent_ShouldWorkCorrectly","DisplayName":"CreateAgent_ShouldWorkCorrectly","ExecutorUri":"executor://NUnit3TestExecutor","Source":"D:\\QA-Sors-Jenkins\\14-Continuous-Integration-II-Resources-Demo\\02-House-Renting-System-App\\HouseRentingSystem.Tests\\bin\\Debug\\net6.0\\fine-code-coverage\\build-output\\HouseRentingSystem.Tests.dll","CodeFilePath":null,"LineNumber":0,"Properties":[{"Key":{"Id":"NUnit.Seed","Label":"Seed","Category":"","Description":"","Attributes":0,"ValueType":"System.String"},"Value":"2128285598"}]},"Attachments":[],"Outcome":1,"ErrorMessage":null,"ErrorStackTrace":null,"DisplayName":"CreateAgent_ShouldWorkCorrectly","Messages":[],"ComputerName":"DESKTOP-H7DAA49","Duration":"00:00:00.1352680","StartTime":"2024-03-30T06:55:08.6742177+00:00","EndTime":"2024-03-30T06:55:08.8094851+00:00","Properties":[{"Key":{"Id":"NUnit.Seed","Label":"Seed","Category":"","Description":"","Attributes":0,"ValueType":"System.String"},"Value":"2128285598"}]},{"TestCase":{"Id":"bb34c39e-f80e-939f-4a0c-3fe71d62106b","FullyQualifiedName":"HouseRentingSystem.Tests.UnitTests.AgentServiceTests.ExistsById_ShouldReturnTrue_WithValidId","DisplayName":"ExistsById_ShouldReturnTrue_WithValidId","ExecutorUri":"executor://NUnit3TestExecutor","Source":"D:\\QA-Sors-Jenkins\\14-Continuous-Integration-II-Resources-Demo\\02-House-Renting-System-App\\HouseRentingSystem.Tests\\bin\\Debug\\net6.0\\fine-code-coverage\\build-output\\HouseRentingSystem.Tests.dll","CodeFilePath":null,"LineNumber":0,"Properties":[{"Key":{"Id":"NUnit.Seed","Label":"Seed","Category":"","Description":"","Attributes":0,"ValueType":"System.String"},"Value":"1050017632"}]},"Attachments":[],"Outcome":1,"ErrorMessage":null,"ErrorStackTrace":null,"DisplayName":"ExistsById_ShouldReturnTrue_WithValidId","Messages":[],"ComputerName":"DESKTOP-H7DAA49","Duration":"00:00:00.0100090","StartTime":"2024-03-30T06:55:08.809562+00:00","EndTime":"2024-03-30T06:55:08.8195697+00:00","Properties":[{"Key":{"Id":"NUnit.Seed","Label":"Seed","Category":"","Description":"","Attributes":0,"ValueType":"System.String"},"Value":"1050017632"}]},{"TestCase":{"Id":"39821534-a4ac-e7b6-9426-30ddb68a6867","FullyQualifiedName":"HouseRentingSystem.Tests.UnitTests.AgentServiceTests.GetAgentId_ShouldReturnCorrectUserId","DisplayName":"GetAgentId_ShouldReturnCorrectUserId","ExecutorUri":"executor://NUnit3TestExecutor","Source":"D:\\QA-Sors-Jenkins\\14-Continuous-Integration-II-Resources-Demo\\02-House-Renting-System-App\\HouseRentingSystem.Tests\\bin\\Debug\\net6.0\\fine-code-coverage\\build-output\\HouseRentingSystem.Tests.dll","CodeFilePath":null,"LineNumber":0,"Properties":[{"Key":{"Id":"NUnit.Seed","Label":"Seed","Category":"","Description":"","Attributes":0,"ValueType":"System.String"},"Value":"846722765"}]},"Attachments":[],"Outcome":1,"ErrorMessage":null,"ErrorStackTrace":null,"DisplayName":"GetAgentId_ShouldReturnCorrectUserId","Messages":[],"ComputerName":"DESKTOP-H7DAA49","Duration":"00:00:00.0072900","StartTime":"2024-03-30T06:55:08.8196389+00:00","EndTime":"2024-03-30T06:55:08.8269271+00:00","Properties":[{"Key":{"Id":"NUnit.Seed","Label":"Seed","Category":"","Description":"","Attributes":0,"ValueType":"System.String"},"Value":"846722765"}]},{"TestCase":{"Id":"c1fc1358-6a05-43fc-755d-c831d6e82ed8","FullyQualifiedName":"HouseRentingSystem.Tests.UnitTests.HouseServiceTests.All_ShouldReturnCorrectHouses","DisplayName":"All_ShouldReturnCorrectHouses","ExecutorUri":"executor://NUnit3TestExecutor","Source":"D:\\QA-Sors-Jenkins\\14-Continuous-Integration-II-Resources-Demo\\02-House-Renting-System-App\\HouseRentingSystem.Tests\\bin\\Debug\\net6.0\\fine-code-coverage\\build-output\\HouseRentingSystem.Tests.dll","CodeFilePath":null,"LineNumber":0,"Properties":[{"Key":{"Id":"NUnit.Seed","Label":"Seed","Category":"","Description":"","Attributes":0,"ValueType":"System.String"},"Value":"1925018573"}]},"Attachments":[],"Outcome":1,"ErrorMessage":null,"ErrorStackTrace":null,"DisplayName":"All_ShouldReturnCorrectHouses","Messages":[],"ComputerName":"DESKTOP-H7DAA49","Duration":"00:00:00.2562080","StartTime":"2024-03-30T06:55:08.882573+00:00","EndTime":"2024-03-30T06:55:09.1387804+00:00","Properties":[{"Key":{"Id":"NUnit.Seed","Label":"Seed","Category":"","Description":"","Attributes":0,"ValueType":"System.String"},"Value":"1925018573"}]},{"TestCase":{"Id":"afb3f7d0-4274-d246-82ae-84031d1c57eb","FullyQualifiedName":"HouseRentingSystem.Tests.UnitTests.HouseServiceTests.AllCategories_ShouldReturnCorrectCategories","DisplayName":"AllCategories_ShouldReturnCorrectCategories","ExecutorUri":"executor://NUnit3TestExecutor","Source":"D:\\QA-Sors-Jenkins\\14-Continuous-Integration-II-Resources-Demo\\02-House-Renting-System-App\\HouseRentingSystem.Tests\\bin\\Debug\\net6.0\\fine-code-coverage\\build-output\\HouseRentingSystem.Tests.dll","CodeFilePath":null,"LineNumber":0,"Properties":[{"Key":{"Id":"NUnit.Seed","Label":"Seed","Category":"","Description":"","Attributes":0,"ValueType":"System.String"},"Value":"580978518"}]},"Attachments":[],"Outcome":1,"ErrorMessage":null,"ErrorStackTrace":null,"DisplayName":"AllCategories_ShouldReturnCorrectCategories","Messages":[],"ComputerName":"DESKTOP-H7DAA49","Duration":"00:00:00.0365330","StartTime":"2024-03-30T06:55:09.1388709+00:00","EndTime":"2024-03-30T06:55:09.1754031+00:00","Properties":[{"Key":{"Id":"NUnit.Seed","Label":"Seed","Category":"","Description":"","Attributes":0,"ValueType":"System.String"},"Value":"580978518"}]},{"TestCase":{"Id":"501cbf97-2dc4-3855-9be1-f64ebe37b250","FullyQualifiedName":"HouseRentingSystem.Tests.UnitTests.HouseServiceTests.AllCategoryNames_ShouldReturnCorrectResult","DisplayName":"AllCategoryNames_ShouldReturnCorrectResult","ExecutorUri":"executor://NUnit3TestExecutor","Source":"D:\\QA-Sors-Jenkins\\14-Continuous-Integration-II-Resources-Demo\\02-House-Renting-System-App\\HouseRentingSystem.Tests\\bin\\Debug\\net6.0\\fine-code-coverage\\build-output\\HouseRentingSystem.Tests.dll","CodeFilePath":null,"LineNumber":0,"Properties":[{"Key":{"Id":"NUnit.Seed","Label":"Seed","Category":"","Description":"","Attributes":0,"ValueType":"System.String"},"Value":"1360810051"}]},"Attachments":[],"Outcome":1,"ErrorMessage":null,"ErrorStackTrace":null,"DisplayName":"AllCategoryNames_ShouldReturnCorrectResult","Messages":[],"ComputerName":"DESKTOP-H7DAA49","Duration":"00:00:00.0301260","StartTime":"2024-03-30T06:55:09.1754762+00:00","EndTime":"2024-03-30T06:55:09.2056019+00:00","Properties":[{"Key":{"Id":"NUnit.Seed","Label":"Seed","Category":"","Description":"","Attributes":0,"ValueType":"System.String"},"Value":"1360810051"}]},{"TestCase":{"Id":"7e6deceb-1e63-2628-54ad-e72d30e03650","FullyQualifiedName":"HouseRentingSystem.Tests.UnitTests.HouseServiceTests.AllHousesByAgentId_ShouldReturnCorrectHouses","DisplayName":"AllHousesByAgentId_ShouldReturnCorrectHouses","ExecutorUri":"executor://NUnit3TestExecutor","Source":"D:\\QA-Sors-Jenkins\\14-Continuous-Integration-II-Resources-Demo\\02-House-Renting-System-App\\HouseRentingSystem.Tests\\bin\\Debug\\net6.0\\fine-code-coverage\\build-output\\HouseRentingSystem.Tests.dll","CodeFilePath":null,"LineNumber":0,"Properties":[{"Key":{"Id":"NUnit.Seed","Label":"Seed","Category":"","Description":"","Attributes":0,"ValueType":"System.String"},"Value":"1977420114"}]},"Attachments":[],"Outcome":1,"ErrorMessage":null,"ErrorStackTrace":null,"DisplayName":"AllHousesByAgentId_ShouldReturnCorrectHouses","Messages":[],"ComputerName":"DESKTOP-H7DAA49","Duration":"00:00:00.0313220","StartTime":"2024-03-30T06:55:09.2056702+00:00","EndTime":"2024-03-30T06:55:09.2369915+00:00","Properties":[{"Key":{"Id":"NUnit.Seed","Label":"Seed","Category":"","Description":"","Attributes":0,"ValueType":"System.String"},"Value":"1977420114"}]},{"TestCase":{"Id":"3178a6b3-c7a9-2811-ebdb-98d05fd32082","FullyQualifiedName":"HouseRentingSystem.Tests.UnitTests.HouseServiceTests.AllHousesByUserId_ShouldReturnCorrectHouses","DisplayName":"AllHousesByUserId_ShouldReturnCorrectHouses","ExecutorUri":"executor://NUnit3TestExecutor","Source":"D:\\QA-Sors-Jenkins\\14-Continuous-Integration-II-Resources-Demo\\02-House-Renting-System-App\\HouseRentingSystem.Tests\\bin\\Debug\\net6.0\\fine-code-coverage\\build-output\\HouseRentingSystem.Tests.dll","CodeFilePath":null,"LineNumber":0,"Properties":[{"Key":{"Id":"NUnit.Seed","Label":"Seed","Category":"","Description":"","Attributes":0,"ValueType":"System.String"},"Value":"559535687"}]},"Attachments":[],"Outcome":1,"ErrorMessage":null,"ErrorStackTrace":null,"DisplayName":"AllHousesByUserId_ShouldReturnCorrectHouses","Messages":[],"ComputerName":"DESKTOP-H7DAA49","Duration":"00:00:00.0257910","StartTime":"2024-03-30T06:55:09.2370601+00:00","EndTime":"2024-03-30T06:55:09.26285+00:00","Properties":[{"Key":{"Id":"NUnit.Seed","Label":"Seed","Category":"","Description":"","Attributes":0,"ValueType":"System.String"},"Value":"559535687"}]}],"TestRunStatistics":{"ExecutedTests":11,"Stats":{"Passed":11}},"ActiveTests":[{"Id":"dca6fc11-2c20-02b1-c939-d8f872720d01","FullyQualifiedName":"HouseRentingSystem.Tests.UnitTests.HouseServiceTests.CategoryExists_ShouldReturnTrue_WithValidId","DisplayName":"CategoryExists_ShouldReturnTrue_WithValidId","ExecutorUri":"executor://NUnit3TestExecutor","Source":"D:\\QA-Sors-Jenkins\\14-Continuous-Integration-II-Resources-Demo\\02-House-Renting-System-App\\HouseRentingSystem.Tests\\bin\\Debug\\net6.0\\fine-code-coverage\\build-output\\HouseRentingSystem.Tests.dll","CodeFilePath":null,"LineNumber":0,"Properties":[{"Key":{"Id":"NUnit.Seed","Label":"Seed","Category":"","Description":"","Attributes":0,"ValueType":"System.String"},"Value":"1619453448"}]}]}}
TpTrace Verbose: 0 : 6908, 6, 2024/03/30, 08:55:09.281, 2118362544839, vstest.console.dll, TestRunRequest:SendTestRunStatsChange: Starting.
TpTrace Verbose: 0 : 6908, 6, 2024/03/30, 08:55:09.281, 2118362546976, vstest.console.dll, InProgress is CategoryExists_ShouldReturnTrue_WithValidId
TpTrace Verbose: 0 : 6908, 6, 2024/03/30, 08:55:09.281, 2118362550389, vstest.console.dll, MulticastDelegateUtilities.SafeInvoke: TestRun.RunStatsChanged: Invoking callbacks was skipped because there are no subscribers.
TpTrace Verbose: 0 : 6908, 4, 2024/03/30, 08:55:09.282, 2118362551815, vstest.console.dll, MulticastDelegateUtilities.SafeInvoke: InternalTestLoggerEvents.SendTestResult: Invoking callback 1/1 for Microsoft.VisualStudio.TestPlatform.CommandLine.Internal.ConsoleLogger., took 0 ms.
TpTrace Information: 0 : 6908, 6, 2024/03/30, 08:55:09.282, 2118362552024, vstest.console.dll, TestRunRequest:SendTestRunStatsChange: Completed.
TpTrace Verbose: 0 : 6908, 4, 2024/03/30, 08:55:09.282, 2118362554722, vstest.console.dll, MulticastDelegateUtilities.SafeInvoke: InternalTestLoggerEvents.SendTestResult: Invoking callback 1/1 for Microsoft.VisualStudio.TestPlatform.CommandLine.Internal.ConsoleLogger., took 0 ms.
TpTrace Verbose: 0 : 6908, 6, 2024/03/30, 08:55:09.282, 2118362555397, vstest.console.dll, MulticastDelegateUtilities.SafeInvoke: LengthPrefixCommunicationChannel: MessageReceived: Invoking callback 1/1 for Microsoft.VisualStudio.TestPlatform.CommunicationUtilities.TestRequestSender+<>c__DisplayClass34_0., took 7 ms.
TpTrace Verbose: 0 : 6908, 6, 2024/03/30, 08:55:09.282, 2118362558346, vstest.console.dll, TcpClientExtensions.MessageLoopAsync: Polling on remoteEndPoint: 127.0.0.1:52607 localEndPoint: 127.0.0.1:52606 after 81 ms
TpTrace Verbose: 0 : 6908, 4, 2024/03/30, 08:55:09.282, 2118362558453, vstest.console.dll, MulticastDelegateUtilities.SafeInvoke: InternalTestLoggerEvents.SendTestResult: Invoking callback 1/1 for Microsoft.VisualStudio.TestPlatform.CommandLine.Internal.ConsoleLogger., took 0 ms.
TpTrace Verbose: 0 : 6908, 4, 2024/03/30, 08:55:09.283, 2118362562753, vstest.console.dll, MulticastDelegateUtilities.SafeInvoke: InternalTestLoggerEvents.SendTestResult: Invoking callback 1/1 for Microsoft.VisualStudio.TestPlatform.CommandLine.Internal.ConsoleLogger., took 0 ms.
TpTrace Verbose: 0 : 6908, 4, 2024/03/30, 08:55:09.283, 2118362565493, vstest.console.dll, MulticastDelegateUtilities.SafeInvoke: InternalTestLoggerEvents.SendTestResult: Invoking callback 1/1 for Microsoft.VisualStudio.TestPlatform.CommandLine.Internal.ConsoleLogger., took 0 ms.
TpTrace Verbose: 0 : 6908, 4, 2024/03/30, 08:55:09.283, 2118362568636, vstest.console.dll, MulticastDelegateUtilities.SafeInvoke: InternalTestLoggerEvents.SendTestResult: Invoking callback 1/1 for Microsoft.VisualStudio.TestPlatform.CommandLine.Internal.ConsoleLogger., took 0 ms.
TpTrace Verbose: 0 : 6908, 4, 2024/03/30, 08:55:09.283, 2118362571301, vstest.console.dll, MulticastDelegateUtilities.SafeInvoke: InternalTestLoggerEvents.SendTestResult: Invoking callback 1/1 for Microsoft.VisualStudio.TestPlatform.CommandLine.Internal.ConsoleLogger., took 0 ms.
TpTrace Verbose: 0 : 6908, 4, 2024/03/30, 08:55:09.284, 2118362573614, vstest.console.dll, MulticastDelegateUtilities.SafeInvoke: InternalTestLoggerEvents.SendTestResult: Invoking callback 1/1 for Microsoft.VisualStudio.TestPlatform.CommandLine.Internal.ConsoleLogger., took 0 ms.
TpTrace Verbose: 0 : 6908, 4, 2024/03/30, 08:55:09.284, 2118362575781, vstest.console.dll, MulticastDelegateUtilities.SafeInvoke: InternalTestLoggerEvents.SendTestResult: Invoking callback 1/1 for Microsoft.VisualStudio.TestPlatform.CommandLine.Internal.ConsoleLogger., took 0 ms.
TpTrace Verbose: 0 : 6908, 6, 2024/03/30, 08:55:09.732, 2118367061318, vstest.console.dll, TcpClientExtensions.MessageLoopAsync: NotifyDataAvailable remoteEndPoint: 127.0.0.1:52607 localEndPoint: 127.0.0.1:52606
TpTrace Verbose: 0 : 6908, 6, 2024/03/30, 08:55:09.733, 2118367070433, vstest.console.dll, TestRequestSender.OnExecutionMessageReceived: Received message: {"Version":5,"MessageType":"TestExecution.StatsChange","Payload":{"NewTestResults":[{"TestCase":{"Id":"dca6fc11-2c20-02b1-c939-d8f872720d01","FullyQualifiedName":"HouseRentingSystem.Tests.UnitTests.HouseServiceTests.CategoryExists_ShouldReturnTrue_WithValidId","DisplayName":"CategoryExists_ShouldReturnTrue_WithValidId","ExecutorUri":"executor://NUnit3TestExecutor","Source":"D:\\QA-Sors-Jenkins\\14-Continuous-Integration-II-Resources-Demo\\02-House-Renting-System-App\\HouseRentingSystem.Tests\\bin\\Debug\\net6.0\\fine-code-coverage\\build-output\\HouseRentingSystem.Tests.dll","CodeFilePath":null,"LineNumber":0,"Properties":[{"Key":{"Id":"NUnit.Seed","Label":"Seed","Category":"","Description":"","Attributes":0,"ValueType":"System.String"},"Value":"1619453448"}]},"Attachments":[],"Outcome":1,"ErrorMessage":null,"ErrorStackTrace":null,"DisplayName":"CategoryExists_ShouldReturnTrue_WithValidId","Messages":[],"ComputerName":"DESKTOP-H7DAA49","Duration":"00:00:00.0273850","StartTime":"2024-03-30T06:55:09.2629259+00:00","EndTime":"2024-03-30T06:55:09.2903095+00:00","Properties":[{"Key":{"Id":"NUnit.Seed","Label":"Seed","Category":"","Description":"","Attributes":0,"ValueType":"System.String"},"Value":"1619453448"}]},{"TestCase":{"Id":"1b644484-0fbb-38a5-d7be-a47f97429959","FullyQualifiedName":"HouseRentingSystem.Tests.UnitTests.HouseServiceTests.Create_ShouldCreateHouse","DisplayName":"Create_ShouldCreateHouse","ExecutorUri":"executor://NUnit3TestExecutor","Source":"D:\\QA-Sors-Jenkins\\14-Continuous-Integration-II-Resources-Demo\\02-House-Renting-System-App\\HouseRentingSystem.Tests\\bin\\Debug\\net6.0\\fine-code-coverage\\build-output\\HouseRentingSystem.Tests.dll","CodeFilePath":null,"LineNumber":0,"Properties":[{"Key":{"Id":"NUnit.Seed","Label":"Seed","Category":"","Description":"","Attributes":0,"ValueType":"System.String"},"Value":"393237894"}]},"Attachments":[],"Outcome":1,"ErrorMessage":null,"ErrorStackTrace":null,"DisplayName":"Create_ShouldCreateHouse","Messages":[],"ComputerName":"DESKTOP-H7DAA49","Duration":"00:00:00.0130020","StartTime":"2024-03-30T06:55:09.2903803+00:00","EndTime":"2024-03-30T06:55:09.3033818+00:00","Properties":[{"Key":{"Id":"NUnit.Seed","Label":"Seed","Category":"","Description":"","Attributes":0,"ValueType":"System.String"},"Value":"393237894"}]},{"TestCase":{"Id":"8acbe544-8791-7541-0d15-94d0ad355c1d","FullyQualifiedName":"HouseRentingSystem.Tests.UnitTests.HouseServiceTests.Delete_ShouldDeleteHouseSuccessfully","DisplayName":"Delete_ShouldDeleteHouseSuccessfully","ExecutorUri":"executor://NUnit3TestExecutor","Source":"D:\\QA-Sors-Jenkins\\14-Continuous-Integration-II-Resources-Demo\\02-House-Renting-System-App\\HouseRentingSystem.Tests\\bin\\Debug\\net6.0\\fine-code-coverage\\build-output\\HouseRentingSystem.Tests.dll","CodeFilePath":null,"LineNumber":0,"Properties":[{"Key":{"Id":"NUnit.Seed","Label":"Seed","Category":"","Description":"","Attributes":0,"ValueType":"System.String"},"Value":"1876705341"}]},"Attachments":[],"Outcome":1,"ErrorMessage":null,"ErrorStackTrace":null,"DisplayName":"Delete_ShouldDeleteHouseSuccessfully","Messages":[],"ComputerName":"DESKTOP-H7DAA49","Duration":"00:00:00.0603250","StartTime":"2024-03-30T06:55:09.3034539+00:00","EndTime":"2024-03-30T06:55:09.3637785+00:00","Properties":[{"Key":{"Id":"NUnit.Seed","Label":"Seed","Category":"","Description":"","Attributes":0,"ValueType":"System.String"},"Value":"1876705341"}]},{"TestCase":{"Id":"1e2eae05-3ea3-6fb2-c952-76632dc6958b","FullyQualifiedName":"HouseRentingSystem.Tests.UnitTests.HouseServiceTests.Edit_ShouldEditHouseCorrectly","DisplayName":"Edit_ShouldEditHouseCorrectly","ExecutorUri":"executor://NUnit3TestExecutor","Source":"D:\\QA-Sors-Jenkins\\14-Continuous-Integration-II-Resources-Demo\\02-House-Renting-System-App\\HouseRentingSystem.Tests\\bin\\Debug\\net6.0\\fine-code-coverage\\build-output\\HouseRentingSystem.Tests.dll","CodeFilePath":null,"LineNumber":0,"Properties":[{"Key":{"Id":"NUnit.Seed","Label":"Seed","Category":"","Description":"","Attributes":0,"ValueType":"System.String"},"Value":"2030305055"}]},"Attachments":[],"Outcome":1,"ErrorMessage":null,"ErrorStackTrace":null,"DisplayName":"Edit_ShouldEditHouseCorrectly","Messages":[],"ComputerName":"DESKTOP-H7DAA49","Duration":"00:00:00.0121610","StartTime":"2024-03-30T06:55:09.3638692+00:00","EndTime":"2024-03-30T06:55:09.3760295+00:00","Properties":[{"Key":{"Id":"NUnit.Seed","Label":"Seed","Category":"","Description":"","Attributes":0,"ValueType":"System.String"},"Value":"2030305055"}]},{"TestCase":{"Id":"842c814d-cc0e-1077-a329-2c1de4dceddc","FullyQualifiedName":"HouseRentingSystem.Tests.UnitTests.HouseServiceTests.Exists_ShouldReturnCorrectTrue_WithValidId","DisplayName":"Exists_ShouldReturnCorrectTrue_WithValidId","ExecutorUri":"executor://NUnit3TestExecutor","Source":"D:\\QA-Sors-Jenkins\\14-Continuous-Integration-II-Resources-Demo\\02-House-Renting-System-App\\HouseRentingSystem.Tests\\bin\\Debug\\net6.0\\fine-code-coverage\\build-output\\HouseRentingSystem.Tests.dll","CodeFilePath":null,"LineNumber":0,"Properties":[{"Key":{"Id":"NUnit.Seed","Label":"Seed","Category":"","Description":"","Attributes":0,"ValueType":"System.String"},"Value":"825423766"}]},"Attachments":[],"Outcome":1,"ErrorMessage":null,"ErrorStackTrace":null,"DisplayName":"Exists_ShouldReturnCorrectTrue_WithValidId","Messages":[],"ComputerName":"DESKTOP-H7DAA49","Duration":"00:00:00.0096650","StartTime":"2024-03-30T06:55:09.3761348+00:00","EndTime":"2024-03-30T06:55:09.3857988+00:00","Properties":[{"Key":{"Id":"NUnit.Seed","Label":"Seed","Category":"","Description":"","Attributes":0,"ValueType":"System.String"},"Value":"825423766"}]},{"TestCase":{"Id":"0ae26e54-b33a-336f-dd6f-a0cda3739874","FullyQualifiedName":"HouseRentingSystem.Tests.UnitTests.HouseServiceTests.GetHouseCategoryId_ShouldReturnCorrectId","DisplayName":"GetHouseCategoryId_ShouldReturnCorrectId","ExecutorUri":"executor://NUnit3TestExecutor","Source":"D:\\QA-Sors-Jenkins\\14-Continuous-Integration-II-Resources-Demo\\02-House-Renting-System-App\\HouseRentingSystem.Tests\\bin\\Debug\\net6.0\\fine-code-coverage\\build-output\\HouseRentingSystem.Tests.dll","CodeFilePath":null,"LineNumber":0,"Properties":[{"Key":{"Id":"NUnit.Seed","Label":"Seed","Category":"","Description":"","Attributes":0,"ValueType":"System.String"},"Value":"1503594477"}]},"Attachments":[],"Outcome":1,"ErrorMessage":null,"ErrorStackTrace":null,"DisplayName":"GetHouseCategoryId_ShouldReturnCorrectId","Messages":[],"ComputerName":"DESKTOP-H7DAA49","Duration":"00:00:00.0014590","StartTime":"2024-03-30T06:55:09.3858803+00:00","EndTime":"2024-03-30T06:55:09.3873384+00:00","Properties":[{"Key":{"Id":"NUnit.Seed","Label":"Seed","Category":"","Description":"","Attributes":0,"ValueType":"System.String"},"Value":"1503594477"}]},{"TestCase":{"Id":"115f308f-3ab7-324a-cc3b-01998c8b562f","FullyQualifiedName":"HouseRentingSystem.Tests.UnitTests.HouseServiceTests.HasAgentWithId_ShouldReturnTrue_WithValidId","DisplayName":"HasAgentWithId_ShouldReturnTrue_WithValidId","ExecutorUri":"executor://NUnit3TestExecutor","Source":"D:\\QA-Sors-Jenkins\\14-Continuous-Integration-II-Resources-Demo\\02-House-Renting-System-App\\HouseRentingSystem.Tests\\bin\\Debug\\net6.0\\fine-code-coverage\\build-output\\HouseRentingSystem.Tests.dll","CodeFilePath":null,"LineNumber":0,"Properties":[{"Key":{"Id":"NUnit.Seed","Label":"Seed","Category":"","Description":"","Attributes":0,"ValueType":"System.String"},"Value":"994397696"}]},"Attachments":[],"Outcome":1,"ErrorMessage":null,"ErrorStackTrace":null,"DisplayName":"HasAgentWithId_ShouldReturnTrue_WithValidId","Messages":[],"ComputerName":"DESKTOP-H7DAA49","Duration":"00:00:00.0176990","StartTime":"2024-03-30T06:55:09.3874007+00:00","EndTime":"2024-03-30T06:55:09.4050986+00:00","Properties":[{"Key":{"Id":"NUnit.Seed","Label":"Seed","Category":"","Description":"","Attributes":0,"ValueType":"System.String"},"Value":"994397696"}]},{"TestCase":{"Id":"e562f42b-52d9-7a54-bcf5-b73a27947a78","FullyQualifiedName":"HouseRentingSystem.Tests.UnitTests.HouseServiceTests.HouseDetailsById_ShouldReturnCorrectHouseData","DisplayName":"HouseDetailsById_ShouldReturnCorrectHouseData","ExecutorUri":"executor://NUnit3TestExecutor","Source":"D:\\QA-Sors-Jenkins\\14-Continuous-Integration-II-Resources-Demo\\02-House-Renting-System-App\\HouseRentingSystem.Tests\\bin\\Debug\\net6.0\\fine-code-coverage\\build-output\\HouseRentingSystem.Tests.dll","CodeFilePath":null,"LineNumber":0,"Properties":[{"Key":{"Id":"NUnit.Seed","Label":"Seed","Category":"","Description":"","Attributes":0,"ValueType":"System.String"},"Value":"1369685529"}]},"Attachments":[],"Outcome":1,"ErrorMessage":null,"ErrorStackTrace":null,"DisplayName":"HouseDetailsById_ShouldReturnCorrectHouseData","Messages":[],"ComputerName":"DESKTOP-H7DAA49","Duration":"00:00:00.3088940","StartTime":"2024-03-30T06:55:09.4051829+00:00","EndTime":"2024-03-30T06:55:09.7140757+00:00","Properties":[{"Key":{"Id":"NUnit.Seed","Label":"Seed","Category":"","Description":"","Attributes":0,"ValueType":"System.String"},"Value":"1369685529"}]},{"TestCase":{"Id":"b61a4563-e1cd-77a9-2ef8-51088f4db293","FullyQualifiedName":"HouseRentingSystem.Tests.UnitTests.HouseServiceTests.IsRented_ShouldReturnCorrectTrue_WithValidId","DisplayName":"IsRented_ShouldReturnCorrectTrue_WithValidId","ExecutorUri":"executor://NUnit3TestExecutor","Source":"D:\\QA-Sors-Jenkins\\14-Continuous-Integration-II-Resources-Demo\\02-House-Renting-System-App\\HouseRentingSystem.Tests\\bin\\Debug\\net6.0\\fine-code-coverage\\build-output\\HouseRentingSystem.Tests.dll","CodeFilePath":null,"LineNumber":0,"Properties":[{"Key":{"Id":"NUnit.Seed","Label":"Seed","Category":"","Description":"","Attributes":0,"ValueType":"System.String"},"Value":"690673359"}]},"Attachments":[],"Outcome":1,"ErrorMessage":null,"ErrorStackTrace":null,"DisplayName":"IsRented_ShouldReturnCorrectTrue_WithValidId","Messages":[],"ComputerName":"DESKTOP-H7DAA49","Duration":"00:00:00.0008660","StartTime":"2024-03-30T06:55:09.7141487+00:00","EndTime":"2024-03-30T06:55:09.7150137+00:00","Properties":[{"Key":{"Id":"NUnit.Seed","Label":"Seed","Category":"","Description":"","Attributes":0,"ValueType":"System.String"},"Value":"690673359"}]}],"TestRunStatistics":{"ExecutedTests":20,"Stats":{"Passed":20}},"ActiveTests":[{"Id":"4cef5da8-a158-5acb-5516-63b7e8800887","FullyQualifiedName":"HouseRentingSystem.Tests.UnitTests.HouseServiceTests.IsRentedByUserWithId_ShouldReturnCorrectTrue_WithValidId","DisplayName":"IsRentedByUserWithId_ShouldReturnCorrectTrue_WithValidId","ExecutorUri":"executor://NUnit3TestExecutor","Source":"D:\\QA-Sors-Jenkins\\14-Continuous-Integration-II-Resources-Demo\\02-House-Renting-System-App\\HouseRentingSystem.Tests\\bin\\Debug\\net6.0\\fine-code-coverage\\build-output\\HouseRentingSystem.Tests.dll","CodeFilePath":null,"LineNumber":0,"Properties":[{"Key":{"Id":"NUnit.Seed","Label":"Seed","Category":"","Description":"","Attributes":0,"ValueType":"System.String"},"Value":"1880414083"}]}]}}
TpTrace Verbose: 0 : 6908, 6, 2024/03/30, 08:55:09.741, 2118367141594, vstest.console.dll, TestRunRequest:SendTestRunStatsChange: Starting.
TpTrace Verbose: 0 : 6908, 6, 2024/03/30, 08:55:09.741, 2118367143734, vstest.console.dll, InProgress is IsRentedByUserWithId_ShouldReturnCorrectTrue_WithValidId
TpTrace Verbose: 0 : 6908, 6, 2024/03/30, 08:55:09.741, 2118367146463, vstest.console.dll, MulticastDelegateUtilities.SafeInvoke: TestRun.RunStatsChanged: Invoking callbacks was skipped because there are no subscribers.
TpTrace Information: 0 : 6908, 6, 2024/03/30, 08:55:09.741, 2118367147876, vstest.console.dll, TestRunRequest:SendTestRunStatsChange: Completed.
TpTrace Verbose: 0 : 6908, 6, 2024/03/30, 08:55:09.742, 2118367154488, vstest.console.dll, MulticastDelegateUtilities.SafeInvoke: LengthPrefixCommunicationChannel: MessageReceived: Invoking callback 1/1 for Microsoft.VisualStudio.TestPlatform.CommunicationUtilities.TestRequestSender+<>c__DisplayClass34_0., took 8 ms.
TpTrace Verbose: 0 : 6908, 4, 2024/03/30, 08:55:09.742, 2118367154496, vstest.console.dll, MulticastDelegateUtilities.SafeInvoke: InternalTestLoggerEvents.SendTestResult: Invoking callback 1/1 for Microsoft.VisualStudio.TestPlatform.CommandLine.Internal.ConsoleLogger., took 0 ms.
TpTrace Verbose: 0 : 6908, 6, 2024/03/30, 08:55:09.742, 2118367158180, vstest.console.dll, TcpClientExtensions.MessageLoopAsync: Polling on remoteEndPoint: 127.0.0.1:52607 localEndPoint: 127.0.0.1:52606 after 459 ms
TpTrace Verbose: 0 : 6908, 4, 2024/03/30, 08:55:09.743, 2118367162202, vstest.console.dll, MulticastDelegateUtilities.SafeInvoke: InternalTestLoggerEvents.SendTestResult: Invoking callback 1/1 for Microsoft.VisualStudio.TestPlatform.CommandLine.Internal.ConsoleLogger., took 0 ms.
TpTrace Verbose: 0 : 6908, 4, 2024/03/30, 08:55:09.743, 2118367165114, vstest.console.dll, MulticastDelegateUtilities.SafeInvoke: InternalTestLoggerEvents.SendTestResult: Invoking callback 1/1 for Microsoft.VisualStudio.TestPlatform.CommandLine.Internal.ConsoleLogger., took 0 ms.
TpTrace Verbose: 0 : 6908, 4, 2024/03/30, 08:55:09.743, 2118367167244, vstest.console.dll, MulticastDelegateUtilities.SafeInvoke: InternalTestLoggerEvents.SendTestResult: Invoking callback 1/1 for Microsoft.VisualStudio.TestPlatform.CommandLine.Internal.ConsoleLogger., took 0 ms.
TpTrace Verbose: 0 : 6908, 4, 2024/03/30, 08:55:09.743, 2118367168952, vstest.console.dll, MulticastDelegateUtilities.SafeInvoke: InternalTestLoggerEvents.SendTestResult: Invoking callback 1/1 for Microsoft.VisualStudio.TestPlatform.CommandLine.Internal.ConsoleLogger., took 0 ms.
TpTrace Verbose: 0 : 6908, 4, 2024/03/30, 08:55:09.743, 2118367171219, vstest.console.dll, MulticastDelegateUtilities.SafeInvoke: InternalTestLoggerEvents.SendTestResult: Invoking callback 1/1 for Microsoft.VisualStudio.TestPlatform.CommandLine.Internal.ConsoleLogger., took 0 ms.
TpTrace Verbose: 0 : 6908, 4, 2024/03/30, 08:55:09.744, 2118367172968, vstest.console.dll, MulticastDelegateUtilities.SafeInvoke: InternalTestLoggerEvents.SendTestResult: Invoking callback 1/1 for Microsoft.VisualStudio.TestPlatform.CommandLine.Internal.ConsoleLogger., took 0 ms.
TpTrace Verbose: 0 : 6908, 4, 2024/03/30, 08:55:09.744, 2118367174767, vstest.console.dll, MulticastDelegateUtilities.SafeInvoke: InternalTestLoggerEvents.SendTestResult: Invoking callback 1/1 for Microsoft.VisualStudio.TestPlatform.CommandLine.Internal.ConsoleLogger., took 0 ms.
TpTrace Verbose: 0 : 6908, 4, 2024/03/30, 08:55:09.744, 2118367176383, vstest.console.dll, MulticastDelegateUtilities.SafeInvoke: InternalTestLoggerEvents.SendTestResult: Invoking callback 1/1 for Microsoft.VisualStudio.TestPlatform.CommandLine.Internal.ConsoleLogger., took 0 ms.
TpTrace Verbose: 0 : 6908, 6, 2024/03/30, 08:55:10.225, 2118371983665, vstest.console.dll, TcpClientExtensions.MessageLoopAsync: NotifyDataAvailable remoteEndPoint: 127.0.0.1:52607 localEndPoint: 127.0.0.1:52606
TpTrace Verbose: 0 : 6908, 6, 2024/03/30, 08:55:10.225, 2118371986731, vstest.console.dll, TestRequestSender.OnExecutionMessageReceived: Received message: {"Version":5,"MessageType":"TestSession.Message","Payload":{"MessageLevel":0,"Message":"NUnit Adapter 4.2.0.0: Test execution complete"}}
TpTrace Verbose: 0 : 6908, 6, 2024/03/30, 08:55:10.225, 2118371990301, vstest.console.dll, TestRunRequest:SendTestRunMessage: Starting.
TpTrace Verbose: 0 : 6908, 6, 2024/03/30, 08:55:10.226, 2118371993220, vstest.console.dll, MulticastDelegateUtilities.SafeInvoke: TestRun.LogMessages: Invoking callback 1/1 for Microsoft.VisualStudio.TestPlatform.CommandLine.TestRunResultAggregator., took 0 ms.
TpTrace Verbose: 0 : 6908, 4, 2024/03/30, 08:55:10.226, 2118371994047, vstest.console.dll, MulticastDelegateUtilities.SafeInvoke: InternalTestLoggerEvents.SendTestRunMessage: Invoking callback 1/1 for Microsoft.VisualStudio.TestPlatform.CommandLine.Internal.ConsoleLogger., took 0 ms.
TpTrace Information: 0 : 6908, 6, 2024/03/30, 08:55:10.226, 2118371994726, vstest.console.dll, TestRunRequest:SendTestRunMessage: Completed.
TpTrace Verbose: 0 : 6908, 6, 2024/03/30, 08:55:10.226, 2118371999126, vstest.console.dll, MulticastDelegateUtilities.SafeInvoke: LengthPrefixCommunicationChannel: MessageReceived: Invoking callback 1/1 for Microsoft.VisualStudio.TestPlatform.CommunicationUtilities.TestRequestSender+<>c__DisplayClass34_0., took 1 ms.
TpTrace Verbose: 0 : 6908, 6, 2024/03/30, 08:55:10.226, 2118372000393, vstest.console.dll, TcpClientExtensions.MessageLoopAsync: Polling on remoteEndPoint: 127.0.0.1:52607 localEndPoint: 127.0.0.1:52606 after 483 ms
TpTrace Verbose: 0 : 6908, 6, 2024/03/30, 08:55:10.282, 2118372554959, vstest.console.dll, TcpClientExtensions.MessageLoopAsync: NotifyDataAvailable remoteEndPoint: 127.0.0.1:52607 localEndPoint: 127.0.0.1:52606
TpTrace Verbose: 0 : 6908, 6, 2024/03/30, 08:55:10.283, 2118372563602, vstest.console.dll, TestRequestSender.OnExecutionMessageReceived: Received message: {"Version":5,"MessageType":"TestExecution.Completed","Payload":{"TestRunCompleteArgs":{"TestRunStatistics":{"ExecutedTests":29,"Stats":{"Passed":29}},"IsCanceled":false,"IsAborted":false,"Error":null,"AttachmentSets":[],"ElapsedTimeInRunningTests":"00:00:07.6235213","Metrics":{}},"LastRunTests":{"NewTestResults":[{"TestCase":{"Id":"4cef5da8-a158-5acb-5516-63b7e8800887","FullyQualifiedName":"HouseRentingSystem.Tests.UnitTests.HouseServiceTests.IsRentedByUserWithId_ShouldReturnCorrectTrue_WithValidId","DisplayName":"IsRentedByUserWithId_ShouldReturnCorrectTrue_WithValidId","ExecutorUri":"executor://NUnit3TestExecutor","Source":"D:\\QA-Sors-Jenkins\\14-Continuous-Integration-II-Resources-Demo\\02-House-Renting-System-App\\HouseRentingSystem.Tests\\bin\\Debug\\net6.0\\fine-code-coverage\\build-output\\HouseRentingSystem.Tests.dll","CodeFilePath":null,"LineNumber":0,"Properties":[{"Key":{"Id":"NUnit.Seed","Label":"Seed","Category":"","Description":"","Attributes":0,"ValueType":"System.String"},"Value":"1880414083"}]},"Attachments":[],"Outcome":1,"ErrorMessage":null,"ErrorStackTrace":null,"DisplayName":"IsRentedByUserWithId_ShouldReturnCorrectTrue_WithValidId","Messages":[],"ComputerName":"DESKTOP-H7DAA49","Duration":"00:00:00.0017370","StartTime":"2024-03-30T06:55:09.7150811+00:00","EndTime":"2024-03-30T06:55:09.7168166+00:00","Properties":[{"Key":{"Id":"NUnit.Seed","Label":"Seed","Category":"","Description":"","Attributes":0,"ValueType":"System.String"},"Value":"1880414083"}]},{"TestCase":{"Id":"17dc49a3-1e59-f513-63e6-7eab3e02acba","FullyQualifiedName":"HouseRentingSystem.Tests.UnitTests.HouseServiceTests.LastThreeHouses_ShouldReturnCorrectHouses","DisplayName":"LastThreeHouses_ShouldReturnCorrectHouses","ExecutorUri":"executor://NUnit3TestExecutor","Source":"D:\\QA-Sors-Jenkins\\14-Continuous-Integration-II-Resources-Demo\\02-House-Renting-System-App\\HouseRentingSystem.Tests\\bin\\Debug\\net6.0\\fine-code-coverage\\build-output\\HouseRentingSystem.Tests.dll","CodeFilePath":null,"LineNumber":0,"Properties":[{"Key":{"Id":"NUnit.Seed","Label":"Seed","Category":"","Description":"","Attributes":0,"ValueType":"System.String"},"Value":"170353531"}]},"Attachments":[],"Outcome":1,"ErrorMessage":null,"ErrorStackTrace":null,"DisplayName":"LastThreeHouses_ShouldReturnCorrectHouses","Messages":[],"ComputerName":"DESKTOP-H7DAA49","Duration":"00:00:00.0613970","StartTime":"2024-03-30T06:55:09.7168727+00:00","EndTime":"2024-03-30T06:55:09.7782686+00:00","Properties":[{"Key":{"Id":"NUnit.Seed","Label":"Seed","Category":"","Description":"","Attributes":0,"ValueType":"System.String"},"Value":"170353531"}]},{"TestCase":{"Id":"366bcf26-07cc-aaed-5496-a5bb0176448b","FullyQualifiedName":"HouseRentingSystem.Tests.UnitTests.HouseServiceTests.Leave_ShouldRentHouseSuccessfully","DisplayName":"Leave_ShouldRentHouseSuccessfully","ExecutorUri":"executor://NUnit3TestExecutor","Source":"D:\\QA-Sors-Jenkins\\14-Continuous-Integration-II-Resources-Demo\\02-House-Renting-System-App\\HouseRentingSystem.Tests\\bin\\Debug\\net6.0\\fine-code-coverage\\build-output\\HouseRentingSystem.Tests.dll","CodeFilePath":null,"LineNumber":0,"Properties":[{"Key":{"Id":"NUnit.Seed","Label":"Seed","Category":"","Description":"","Attributes":0,"ValueType":"System.String"},"Value":"224670177"}]},"Attachments":[],"Outcome":1,"ErrorMessage":null,"ErrorStackTrace":null,"DisplayName":"Leave_ShouldRentHouseSuccessfully","Messages":[],"ComputerName":"DESKTOP-H7DAA49","Duration":"00:00:00.0063980","StartTime":"2024-03-30T06:55:09.7783464+00:00","EndTime":"2024-03-30T06:55:09.7847441+00:00","Properties":[{"Key":{"Id":"NUnit.Seed","Label":"Seed","Category":"","Description":"","Attributes":0,"ValueType":"System.String"},"Value":"224670177"}]},{"TestCase":{"Id":"89e1385f-2b92-6d90-e4f5-6eaab5e47f5a","FullyQualifiedName":"HouseRentingSystem.Tests.UnitTests.HouseServiceTests.Rent_ShouldRentHouseSuccessfully","DisplayName":"Rent_ShouldRentHouseSuccessfully","ExecutorUri":"executor://NUnit3TestExecutor","Source":"D:\\QA-Sors-Jenkins\\14-Continuous-Integration-II-Resources-Demo\\02-House-Renting-System-App\\HouseRentingSystem.Tests\\bin\\Debug\\net6.0\\fine-code-coverage\\build-output\\HouseRentingSystem.Tests.dll","CodeFilePath":null,"LineNumber":0,"Properties":[{"Key":{"Id":"NUnit.Seed","Label":"Seed","Category":"","Description":"","Attributes":0,"ValueType":"System.String"},"Value":"1738947433"}]},"Attachments":[],"Outcome":1,"ErrorMessage":null,"ErrorStackTrace":null,"DisplayName":"Rent_ShouldRentHouseSuccessfully","Messages":[],"ComputerName":"DESKTOP-H7DAA49","Duration":"00:00:00.0044850","StartTime":"2024-03-30T06:55:09.7848072+00:00","EndTime":"2024-03-30T06:55:09.7892924+00:00","Properties":[{"Key":{"Id":"NUnit.Seed","Label":"Seed","Category":"","Description":"","Attributes":0,"ValueType":"System.String"},"Value":"1738947433"}]},{"TestCase":{"Id":"5e72453d-8ffd-8ba2-4595-59df8919ec29","FullyQualifiedName":"HouseRentingSystem.Tests.UnitTests.RentServiceTests.All_ShouldReturnCorrectData","DisplayName":"All_ShouldReturnCorrectData","ExecutorUri":"executor://NUnit3TestExecutor","Source":"D:\\QA-Sors-Jenkins\\14-Continuous-Integration-II-Resources-Demo\\02-House-Renting-System-App\\HouseRentingSystem.Tests\\bin\\Debug\\net6.0\\fine-code-coverage\\build-output\\HouseRentingSystem.Tests.dll","CodeFilePath":null,"LineNumber":0,"Properties":[{"Key":{"Id":"NUnit.Seed","Label":"Seed","Category":"","Description":"","Attributes":0,"ValueType":"System.String"},"Value":"1865160671"}]},"Attachments":[],"Outcome":1,"ErrorMessage":null,"ErrorStackTrace":null,"DisplayName":"All_ShouldReturnCorrectData","Messages":[],"ComputerName":"DESKTOP-H7DAA49","Duration":"00:00:00.1612960","StartTime":"2024-03-30T06:55:09.8771379+00:00","EndTime":"2024-03-30T06:55:10.0384334+00:00","Properties":[{"Key":{"Id":"NUnit.Seed","Label":"Seed","Category":"","Description":"","Attributes":0,"ValueType":"System.String"},"Value":"1865160671"}]},{"TestCase":{"Id":"21df9aa2-281c-b502-d302-f0b56e5b90de","FullyQualifiedName":"HouseRentingSystem.Tests.UnitTests.StatisticsServiceTests.Total_ShouldReturnCorrectCounts","DisplayName":"Total_ShouldReturnCorrectCounts","ExecutorUri":"executor://NUnit3TestExecutor","Source":"D:\\QA-Sors-Jenkins\\14-Continuous-Integration-II-Resources-Demo\\02-House-Renting-System-App\\HouseRentingSystem.Tests\\bin\\Debug\\net6.0\\fine-code-coverage\\build-output\\HouseRentingSystem.Tests.dll","CodeFilePath":null,"LineNumber":0,"Properties":[{"Key":{"Id":"NUnit.Seed","Label":"Seed","Category":"","Description":"","Attributes":0,"ValueType":"System.String"},"Value":"219911734"}]},"Attachments":[],"Outcome":1,"ErrorMessage":null,"ErrorStackTrace":null,"DisplayName":"Total_ShouldReturnCorrectCounts","Messages":[],"ComputerName":"DESKTOP-H7DAA49","Duration":"00:00:00.0049620","StartTime":"2024-03-30T06:55:10.0614926+00:00","EndTime":"2024-03-30T06:55:10.0664553+00:00","Properties":[{"Key":{"Id":"NUnit.Seed","Label":"Seed","Category":"","Description":"","Attributes":0,"ValueType":"System.String"},"Value":"219911734"}]},{"TestCase":{"Id":"2d1d8946-c9ba-2471-16b8-4864295b37bc","FullyQualifiedName":"HouseRentingSystem.Tests.UnitTests.UserServiceTests.All_ShouldReturnCorrectUsersAndAgents","DisplayName":"All_ShouldReturnCorrectUsersAndAgents","ExecutorUri":"executor://NUnit3TestExecutor","Source":"D:\\QA-Sors-Jenkins\\14-Continuous-Integration-II-Resources-Demo\\02-House-Renting-System-App\\HouseRentingSystem.Tests\\bin\\Debug\\net6.0\\fine-code-coverage\\build-output\\HouseRentingSystem.Tests.dll","CodeFilePath":null,"LineNumber":0,"Properties":[{"Key":{"Id":"NUnit.Seed","Label":"Seed","Category":"","Description":"","Attributes":0,"ValueType":"System.String"},"Value":"1935545749"}]},"Attachments":[],"Outcome":1,"ErrorMessage":null,"ErrorStackTrace":null,"DisplayName":"All_ShouldReturnCorrectUsersAndAgents","Messages":[],"ComputerName":"DESKTOP-H7DAA49","Duration":"00:00:00.0853300","StartTime":"2024-03-30T06:55:10.0777752+00:00","EndTime":"2024-03-30T06:55:10.1631044+00:00","Properties":[{"Key":{"Id":"NUnit.Seed","Label":"Seed","Category":"","Description":"","Attributes":0,"ValueType":"System.String"},"Value":"1935545749"}]},{"TestCase":{"Id":"94dee587-4520-7686-aec8-d742cb4e49b2","FullyQualifiedName":"HouseRentingSystem.Tests.UnitTests.UserServiceTests.UserFullName_ShouldReturnCorrectResult","DisplayName":"UserFullName_ShouldReturnCorrectResult","ExecutorUri":"executor://NUnit3TestExecutor","Source":"D:\\QA-Sors-Jenkins\\14-Continuous-Integration-II-Resources-Demo\\02-House-Renting-System-App\\HouseRentingSystem.Tests\\bin\\Debug\\net6.0\\fine-code-coverage\\build-output\\HouseRentingSystem.Tests.dll","CodeFilePath":null,"LineNumber":0,"Properties":[{"Key":{"Id":"NUnit.Seed","Label":"Seed","Category":"","Description":"","Attributes":0,"ValueType":"System.String"},"Value":"1426428492"}]},"Attachments":[],"Outcome":1,"ErrorMessage":null,"ErrorStackTrace":null,"DisplayName":"UserFullName_ShouldReturnCorrectResult","Messages":[],"ComputerName":"DESKTOP-H7DAA49","Duration":"00:00:00.0007620","StartTime":"2024-03-30T06:55:10.1631821+00:00","EndTime":"2024-03-30T06:55:10.1639444+00:00","Properties":[{"Key":{"Id":"NUnit.Seed","Label":"Seed","Category":"","Description":"","Attributes":0,"ValueType":"System.String"},"Value":"1426428492"}]},{"TestCase":{"Id":"76bccacd-8a4b-1fa8-0305-06b648d873d8","FullyQualifiedName":"HouseRentingSystem.Tests.UnitTests.UserServiceTests.UserHasRents_ShouldReturnTrue_WithValidData","DisplayName":"UserHasRents_ShouldReturnTrue_WithValidData","ExecutorUri":"executor://NUnit3TestExecutor","Source":"D:\\QA-Sors-Jenkins\\14-Continuous-Integration-II-Resources-Demo\\02-House-Renting-System-App\\HouseRentingSystem.Tests\\bin\\Debug\\net6.0\\fine-code-coverage\\build-output\\HouseRentingSystem.Tests.dll","CodeFilePath":null,"LineNumber":0,"Properties":[{"Key":{"Id":"NUnit.Seed","Label":"Seed","Category":"","Description":"","Attributes":0,"ValueType":"System.String"},"Value":"31101989"}]},"Attachments":[],"Outcome":1,"ErrorMessage":null,"ErrorStackTrace":null,"DisplayName":"UserHasRents_ShouldReturnTrue_WithValidData","Messages":[],"ComputerName":"DESKTOP-H7DAA49","Duration":"00:00:00.0109940","StartTime":"2024-03-30T06:55:10.1640084+00:00","EndTime":"2024-03-30T06:55:10.1750012+00:00","Properties":[{"Key":{"Id":"NUnit.Seed","Label":"Seed","Category":"","Description":"","Attributes":0,"ValueType":"System.String"},"Value":"31101989"}]}],"TestRunStatistics":{"ExecutedTests":29,"Stats":{"Passed":29}},"ActiveTests":[]},"RunAttachments":[],"ExecutorUris":["executor://nunit3testexecutor/"]}}
TpTrace Verbose: 0 : 6908, 6, 2024/03/30, 08:55:10.283, 2118372571412, vstest.console.dll, TestRequestSender.EndSession: Sending end session.
TpTrace Verbose: 0 : 6908, 6, 2024/03/30, 08:55:10.284, 2118372576040, vstest.console.dll, ProxyOperationManager.Close: waiting for test host to exit for 100 ms
TpTrace Verbose: 0 : 6908, 11, 2024/03/30, 08:55:10.352, 2118373257857, vstest.console.dll, TestHostManagerCallbacks.ctor: Experimental forwarding output is disabled.
TpTrace Warning: 0 : 6908, 11, 2024/03/30, 08:55:10.352, 2118373260004, vstest.console.dll, TestHostManagerCallbacks.ErrorReceivedCallback Test host standard error line: 
TpTrace Verbose: 0 : 6908, 11, 2024/03/30, 08:55:10.370, 2118373440326, vstest.console.dll, TestHostProvider.ExitCallBack: Host exited starting callback.
TpTrace Information: 0 : 6908, 11, 2024/03/30, 08:55:10.371, 2118373443408, vstest.console.dll, TestHostManagerCallbacks.ExitCallBack: Testhost processId: 6700 exited with exitcode: 0 error: ''
TpTrace Verbose: 0 : 6908, 11, 2024/03/30, 08:55:10.371, 2118373444532, vstest.console.dll, DotnetTestHostManager.OnHostExited: invoking OnHostExited callback
TpTrace Verbose: 0 : 6908, 11, 2024/03/30, 08:55:10.371, 2118373445942, vstest.console.dll, CrossPlatEngine.TestHostManagerHostExited: calling on client process exit callback.
TpTrace Information: 0 : 6908, 11, 2024/03/30, 08:55:10.371, 2118373447595, vstest.console.dll, TestRequestSender.OnClientProcessExit: Test host process exited. Standard error: 
TpTrace Information: 0 : 6908, 6, 2024/03/30, 08:55:10.371, 2118373448498, vstest.console.dll, SocketServer.Stop: Stop server endPoint: 127.0.0.1:52606
TpTrace Information: 0 : 6908, 11, 2024/03/30, 08:55:10.371, 2118373448894, vstest.console.dll, SocketServer.Stop: Stop server endPoint: 127.0.0.1:52606
TpTrace Information: 0 : 6908, 6, 2024/03/30, 08:55:10.371, 2118373450377, vstest.console.dll, SocketServer.Stop: Cancellation requested. Stopping message loop.
TpTrace Information: 0 : 6908, 11, 2024/03/30, 08:55:10.371, 2118373451496, vstest.console.dll, SocketServer.Stop: Cancellation requested. Stopping message loop.
TpTrace Verbose: 0 : 6908, 11, 2024/03/30, 08:55:10.372, 2118373453715, vstest.console.dll, MulticastDelegateUtilities.SafeInvoke: HostProviderEvents.OnHostExited: Invoking callback 1/1 for Microsoft.VisualStudio.TestPlatform.CrossPlatEngine.Client.ProxyOperationManager., took 0 ms.
TpTrace Information: 0 : 6908, 6, 2024/03/30, 08:55:10.372, 2118373454630, vstest.console.dll, Closing the connection
TpTrace Verbose: 0 : 6908, 6, 2024/03/30, 08:55:10.372, 2118373460289, vstest.console.dll, ProxyDataCollectionManager.InvokeDataCollectionServiceAction: Starting.
TpTrace Information: 0 : 6908, 6, 2024/03/30, 08:55:10.373, 2118373461791, vstest.console.dll, ProxyDataCollectionManager.AfterTestRunEnd: Get attachment set and invoked data collectors processId: 9000 port: 52603
TpTrace Verbose: 0 : 6908, 6, 2024/03/30, 08:55:10.373, 2118373463289, vstest.console.dll, DataCollectionRequestSender.SendAfterTestRunStartAndGetResult: Send AfterTestRunEnd message with isCancelled: False
TpTrace Verbose: 0 : 6908, 6, 2024/03/30, 08:55:10.397, 2118373702380, vstest.console.dll, DataCollectionRequestSender.SendAfterTestRunStartAndGetResult: Received message: (DataCollection.AfterTestRunEndResult) -> {"MessageType":"DataCollection.AfterTestRunEndResult","Payload":{"AttachmentSets":[],"InvokedDataCollectors":[{"Uri":"datacollector://Microsoft/TestPlatform/Extensions/Blame/v1","FriendlyName":"Blame","AssemblyQualifiedName":"Microsoft.TestPlatform.Extensions.BlameDataCollector.BlameCollector, Microsoft.TestPlatform.Extensions.BlameDataCollector, Version=15.0.0.0, Culture=neutral, PublicKeyToken=b03f5f7f11d50a3a","FilePath":"C:\\Program Files\\dotnet\\sdk\\8.0.202\\Extensions\\Microsoft.TestPlatform.Extensions.BlameDataCollector.dll","HasAttachmentProcessor":false}],"Metrics":{}}}
TpTrace Information: 0 : 6908, 6, 2024/03/30, 08:55:10.412, 2118373854249, vstest.console.dll, ProxyDataCollectionManager.InvokeDataCollectionServiceAction: Completed.
TpTrace Warning: 0 : 6908, 10, 2024/03/30, 08:55:10.438, 2118374118222, vstest.console.dll, DataCollectionLauncher.ErrorReceivedCallback datacollector standard error line: 
TpTrace Information: 0 : 6908, 10, 2024/03/30, 08:55:10.453, 2118374262980, vstest.console.dll, DataCollectionLauncher.ExitCallBack: Data collector exited with exitcode: 0 error: ''
TpTrace Verbose: 0 : 6908, 6, 2024/03/30, 08:55:10.532, 2118375054467, vstest.console.dll, TestRunRequest:SendTestRunStatsChange: Starting.
TpTrace Verbose: 0 : 6908, 6, 2024/03/30, 08:55:10.532, 2118375058105, vstest.console.dll, MulticastDelegateUtilities.SafeInvoke: TestRun.RunStatsChanged: Invoking callbacks was skipped because there are no subscribers.
TpTrace Verbose: 0 : 6908, 4, 2024/03/30, 08:55:10.532, 2118375058848, vstest.console.dll, MulticastDelegateUtilities.SafeInvoke: InternalTestLoggerEvents.SendTestResult: Invoking callback 1/1 for Microsoft.VisualStudio.TestPlatform.CommandLine.Internal.ConsoleLogger., took 0 ms.
TpTrace Information: 0 : 6908, 6, 2024/03/30, 08:55:10.532, 2118375059383, vstest.console.dll, TestRunRequest:SendTestRunStatsChange: Completed.
TpTrace Verbose: 0 : 6908, 4, 2024/03/30, 08:55:10.532, 2118375060901, vstest.console.dll, MulticastDelegateUtilities.SafeInvoke: InternalTestLoggerEvents.SendTestResult: Invoking callback 1/1 for Microsoft.VisualStudio.TestPlatform.CommandLine.Internal.ConsoleLogger., took 0 ms.
TpTrace Verbose: 0 : 6908, 4, 2024/03/30, 08:55:10.533, 2118375062994, vstest.console.dll, MulticastDelegateUtilities.SafeInvoke: InternalTestLoggerEvents.SendTestResult: Invoking callback 1/1 for Microsoft.VisualStudio.TestPlatform.CommandLine.Internal.ConsoleLogger., took 0 ms.
TpTrace Verbose: 0 : 6908, 4, 2024/03/30, 08:55:10.533, 2118375064914, vstest.console.dll, MulticastDelegateUtilities.SafeInvoke: InternalTestLoggerEvents.SendTestResult: Invoking callback 1/1 for Microsoft.VisualStudio.TestPlatform.CommandLine.Internal.ConsoleLogger., took 0 ms.
TpTrace Verbose: 0 : 6908, 4, 2024/03/30, 08:55:10.533, 2118375066716, vstest.console.dll, MulticastDelegateUtilities.SafeInvoke: InternalTestLoggerEvents.SendTestResult: Invoking callback 1/1 for Microsoft.VisualStudio.TestPlatform.CommandLine.Internal.ConsoleLogger., took 0 ms.
TpTrace Verbose: 0 : 6908, 4, 2024/03/30, 08:55:10.533, 2118375068308, vstest.console.dll, MulticastDelegateUtilities.SafeInvoke: InternalTestLoggerEvents.SendTestResult: Invoking callback 1/1 for Microsoft.VisualStudio.TestPlatform.CommandLine.Internal.ConsoleLogger., took 0 ms.
TpTrace Verbose: 0 : 6908, 6, 2024/03/30, 08:55:10.533, 2118375069436, vstest.console.dll, ParallelProxyExecutionManager: HandlePartialRunComplete: Total workloads = 1, Total started clients = 1 Total completed clients = 1, Run complete = True, Run canceled: False.
TpTrace Verbose: 0 : 6908, 4, 2024/03/30, 08:55:10.533, 2118375069901, vstest.console.dll, MulticastDelegateUtilities.SafeInvoke: InternalTestLoggerEvents.SendTestResult: Invoking callback 1/1 for Microsoft.VisualStudio.TestPlatform.CommandLine.Internal.ConsoleLogger., took 0 ms.
TpTrace Verbose: 0 : 6908, 6, 2024/03/30, 08:55:10.533, 2118375070740, vstest.console.dll, ParallelProxyExecutionManager: HandlePartialRunComplete: All runs completed stopping all managers.
TpTrace Verbose: 0 : 6908, 4, 2024/03/30, 08:55:10.534, 2118375072242, vstest.console.dll, MulticastDelegateUtilities.SafeInvoke: InternalTestLoggerEvents.SendTestResult: Invoking callback 1/1 for Microsoft.VisualStudio.TestPlatform.CommandLine.Internal.ConsoleLogger., took 0 ms.
TpTrace Verbose: 0 : 6908, 6, 2024/03/30, 08:55:10.534, 2118375073113, vstest.console.dll, ParallelOperationManager.StopAllManagers: Stopping all managers.
TpTrace Verbose: 0 : 6908, 4, 2024/03/30, 08:55:10.534, 2118375074310, vstest.console.dll, MulticastDelegateUtilities.SafeInvoke: InternalTestLoggerEvents.SendTestResult: Invoking callback 1/1 for Microsoft.VisualStudio.TestPlatform.CommandLine.Internal.ConsoleLogger., took 0 ms.
TpTrace Verbose: 0 : 6908, 6, 2024/03/30, 08:55:10.534, 2118375075011, vstest.console.dll, ParallelOperationManager.ClearSlots: Clearing all slots. Slots should accept more work: False
TpTrace Verbose: 0 : 6908, 6, 2024/03/30, 08:55:10.534, 2118375077347, vstest.console.dll, ParallelOperationManager.SetOccupiedSlotCount: Setting slot counts AvailableSlotCount = 1, OccupiedSlotCount = 0.
TpTrace Verbose: 0 : 6908, 6, 2024/03/30, 08:55:10.534, 2118375079012, vstest.console.dll, Occupied slots:

TpTrace Verbose: 0 : 6908, 4, 2024/03/30, 08:55:10.561, 2118375346101, vstest.console.dll, MulticastDelegateUtilities.SafeInvoke: InternalTestLoggerEvents.SendTestRunComplete: Invoking callback 1/2 for Microsoft.TestPlatform.Extensions.BlameDataCollector.BlameLogger., took 0 ms.
TpTrace Verbose: 0 : 6908, 4, 2024/03/30, 08:55:10.577, 2118375511573, vstest.console.dll, MulticastDelegateUtilities.SafeInvoke: InternalTestLoggerEvents.SendTestRunComplete: Invoking callback 2/2 for Microsoft.VisualStudio.TestPlatform.CommandLine.Internal.ConsoleLogger., took 16 ms.
TpTrace Verbose: 0 : 6908, 6, 2024/03/30, 08:55:10.578, 2118375518923, vstest.console.dll, TestRunRequest:TestRunComplete: Starting. IsAborted:False IsCanceled:False.
TpTrace Verbose: 0 : 6908, 6, 2024/03/30, 08:55:10.579, 2118375523561, vstest.console.dll, ParallelOperationManager.DoActionOnAllManagers: Calling an action on all managers.
TpTrace Verbose: 0 : 6908, 6, 2024/03/30, 08:55:10.582, 2118375555517, vstest.console.dll, TestLoggerManager.HandleTestRunComplete: Ignoring as the object is disposed.
TpTrace Verbose: 0 : 6908, 6, 2024/03/30, 08:55:10.582, 2118375561152, vstest.console.dll, MulticastDelegateUtilities.SafeInvoke: TestRun.TestRunComplete: Invoking callback 1/2 for Microsoft.VisualStudio.TestPlatform.CommandLine.TestRunResultAggregator., took 0 ms.
TpTrace Verbose: 0 : 6908, 6, 2024/03/30, 08:55:10.583, 2118375564300, vstest.console.dll, MulticastDelegateUtilities.SafeInvoke: TestRun.TestRunComplete: Invoking callback 2/2 for Microsoft.VisualStudio.TestPlatform.CommandLine.Processors.RunTestsArgumentExecutor+TestRunRequestEventsRegistrar., took 0 ms.
TpTrace Information: 0 : 6908, 6, 2024/03/30, 08:55:10.583, 2118375567118, vstest.console.dll, TestRunRequest:TestRunComplete: Completed.
TpTrace Verbose: 0 : 6908, 1, 2024/03/30, 08:55:10.583, 2118375567352, vstest.console.dll, TestRunRequest.Dispose: Starting.
TpTrace Verbose: 0 : 6908, 6, 2024/03/30, 08:55:10.583, 2118375568630, vstest.console.dll, TestRequestSender.SetOperationComplete: Setting operation complete.
TpTrace Information: 0 : 6908, 1, 2024/03/30, 08:55:10.583, 2118375569838, vstest.console.dll, TestRunRequest.Dispose: Completed.
TpTrace Information: 0 : 6908, 6, 2024/03/30, 08:55:10.583, 2118375570630, vstest.console.dll, SocketServer.Stop: Stop server endPoint: 127.0.0.1:52606
TpTrace Information: 0 : 6908, 1, 2024/03/30, 08:55:10.584, 2118375571949, vstest.console.dll, TestRequestManager.RunTests: run tests completed.
TpTrace Information: 0 : 6908, 6, 2024/03/30, 08:55:10.584, 2118375572613, vstest.console.dll, SocketServer.Stop: Cancellation requested. Stopping message loop.
TpTrace Information: 0 : 6908, 1, 2024/03/30, 08:55:10.584, 2118375575051, vstest.console.dll, RunTestsArgumentProcessor:Execute: Test run is completed.
TpTrace Verbose: 0 : 6908, 6, 2024/03/30, 08:55:10.584, 2118375575095, vstest.console.dll, MulticastDelegateUtilities.SafeInvoke: LengthPrefixCommunicationChannel: MessageReceived: Invoking callback 1/1 for Microsoft.VisualStudio.TestPlatform.CommunicationUtilities.TestRequestSender+<>c__DisplayClass34_0., took 301 ms.
TpTrace Information: 0 : 6908, 6, 2024/03/30, 08:55:10.584, 2118375577408, vstest.console.dll, SocketServer.PrivateStop: Stopping server endPoint: 127.0.0.1:52606 error: 
TpTrace Verbose: 0 : 6908, 1, 2024/03/30, 08:55:10.584, 2118375580699, vstest.console.dll, Executor.Execute: Exiting with exit code of 0
TpTrace Verbose: 0 : 6908, 6, 2024/03/30, 08:55:10.585, 2118375588245, vstest.console.dll, LengthPrefixCommunicationChannel.Dispose: Dispose reader and writer.
TpTrace Information: 0 : 6908, 6, 2024/03/30, 08:55:10.585, 2118375590673, vstest.console.dll, SocketServer.Stop: Raise disconnected event endPoint: 127.0.0.1:52606 error: 
